Flow report for ADC
Sat Apr  5 16:39:16 2014
Quartus II 64-Bit Version 13.1.0 Build 162 10/23/2013 SJ Web Edition


---------------------
; Table of Contents ;
---------------------
  1. Legal Notice
  2. Flow Summary
  3. Flow Settings
  4. Flow Non-Default Global Settings
  5. Flow Elapsed Time
  6. Flow OS Summary
  7. Flow Log
  8. Flow Messages
  9. Flow Suppressed Messages



----------------
; Legal Notice ;
----------------
Copyright (C) 1991-2013 Altera Corporation
Your use of Altera Corporation's design tools, logic functions 
and other software and tools, and its AMPP partner logic 
functions, and any output files from any of the foregoing 
(including device programming or simulation files), and any 
associated documentation or information are expressly subject 
to the terms and conditions of the Altera Program License 
Subscription Agreement, Altera MegaCore Function License 
Agreement, or other applicable license agreement, including, 
without limitation, that your use is for the sole purpose of 
programming logic devices manufactured by Altera and sold by 
Altera or its authorized distributors.  Please refer to the 
applicable agreement for further details.



+------------------------------------------------------------------------+
; Flow Summary                                                           ;
+---------------------------+--------------------------------------------+
; Flow Status               ; Successful - Sat Apr  5 16:39:16 2014      ;
; Quartus II 64-Bit Version ; 13.1.0 Build 162 10/23/2013 SJ Web Edition ;
; Revision Name             ; ADC                                        ;
; Top-level Entity Name     ; ADC                                        ;
; Family                    ; MAX V                                      ;
; Device                    ; 5M1270ZT144A5                              ;
; Timing Models             ; Final                                      ;
; Total logic elements      ; 65 / 1,270 ( 5 % )                         ;
; Total pins                ; 27 / 114 ( 24 % )                          ;
; Total virtual pins        ; 0                                          ;
; UFM blocks                ; 0 / 1 ( 0 % )                              ;
+---------------------------+--------------------------------------------+


+-----------------------------------------+
; Flow Settings                           ;
+-------------------+---------------------+
; Option            ; Setting             ;
+-------------------+---------------------+
; Start date & time ; 04/05/2014 16:37:59 ;
; Main task         ; Compilation         ;
; Revision Name     ; ADC                 ;
+-------------------+---------------------+


+----------------------------------------------------------------------------------------------------------+
; Flow Non-Default Global Settings                                                                         ;
+--------------------------+--------------------------------+---------------+-------------+----------------+
; Assignment Name          ; Value                          ; Default Value ; Entity Name ; Section Id     ;
+--------------------------+--------------------------------+---------------+-------------+----------------+
; COMPILER_SIGNATURE_ID    ; 40368351734856.139669607816791 ; --            ; --          ; --             ;
; EDA_OUTPUT_DATA_FORMAT   ; Vhdl                           ; --            ; --          ; eda_simulation ;
; EDA_SIMULATION_TOOL      ; ModelSim-Altera (VHDL)         ; <None>        ; --          ; --             ;
; MAX_CORE_JUNCTION_TEMP   ; 125                            ; --            ; --          ; --             ;
; MIN_CORE_JUNCTION_TEMP   ; -40                            ; --            ; --          ; --             ;
; PROJECT_OUTPUT_DIRECTORY ; output_files                   ; --            ; --          ; --             ;
+--------------------------+--------------------------------+---------------+-------------+----------------+


+-------------------------------------------------------------------------------------------------------------------------------+
; Flow Elapsed Time                                                                                                             ;
+---------------------------+--------------+-------------------------+---------------------+------------------------------------+
; Module Name               ; Elapsed Time ; Average Processors Used ; Peak Virtual Memory ; Total CPU Time (on all processors) ;
+---------------------------+--------------+-------------------------+---------------------+------------------------------------+
; Analysis & Synthesis      ; 00:00:17     ; 1.0                     ; 666 MB              ; 00:00:02                           ;
; Fitter                    ; 00:00:33     ; 1.0                     ; 704 MB              ; 00:00:03                           ;
; Assembler                 ; 00:00:01     ; 1.0                     ; 570 MB              ; 00:00:01                           ;
; TimeQuest Timing Analyzer ; 00:00:02     ; 1.0                     ; 541 MB              ; 00:00:01                           ;
; EDA Netlist Writer        ; 00:00:01     ; 1.0                     ; 817 MB              ; 00:00:01                           ;
; Total                     ; 00:00:54     ; --                      ; --                  ; 00:00:08                           ;
+---------------------------+--------------+-------------------------+---------------------+------------------------------------+


+---------------------------------------------------------------------------------------------+
; Flow OS Summary                                                                             ;
+---------------------------+------------------+----------------+------------+----------------+
; Module Name               ; Machine Hostname ; OS Name        ; OS Version ; Processor type ;
+---------------------------+------------------+----------------+------------+----------------+
; Analysis & Synthesis      ; Kamal-Dell       ; Ubuntu 12.04.4 ; 12         ; x86_64         ;
; Fitter                    ; Kamal-Dell       ; Ubuntu 12.04.4 ; 12         ; x86_64         ;
; Assembler                 ; Kamal-Dell       ; Ubuntu 12.04.4 ; 12         ; x86_64         ;
; TimeQuest Timing Analyzer ; Kamal-Dell       ; Ubuntu 12.04.4 ; 12         ; x86_64         ;
; EDA Netlist Writer        ; Kamal-Dell       ; Ubuntu 12.04.4 ; 12         ; x86_64         ;
+---------------------------+------------------+----------------+------------+----------------+


------------
; Flow Log ;
------------
quartus_map --read_settings_files=on --write_settings_files=off ADC -c ADC
quartus_fit --read_settings_files=off --write_settings_files=off ADC -c ADC
quartus_asm --read_settings_files=off --write_settings_files=off ADC -c ADC
quartus_sta ADC -c ADC
quartus_eda --read_settings_files=off --write_settings_files=off ADC -c ADC



