TimeQuest Timing Analyzer report for ErrorCalculation
Wed Mar 26 18:34:29 2014
Quartus II 64-Bit Version 13.1.0 Build 162 10/23/2013 SJ Web Edition


---------------------
; Table of Contents ;
---------------------
  1. Legal Notice
  2. TimeQuest Timing Analyzer Summary
  3. Parallel Compilation
  4. Clocks
  5. Fmax Summary
  6. Setup Summary
  7. Hold Summary
  8. Recovery Summary
  9. Removal Summary
 10. Minimum Pulse Width Summary
 11. Propagation Delay
 12. Minimum Propagation Delay
 13. Clock Transfers
 14. Report TCCS
 15. Report RSKM
 16. Unconstrained Paths
 17. TimeQuest Timing Analyzer Messages



----------------
; Legal Notice ;
----------------
Copyright (C) 1991-2013 Altera Corporation
Your use of Altera Corporation's design tools, logic functions 
and other software and tools, and its AMPP partner logic 
functions, and any output files from any of the foregoing 
(including device programming or simulation files), and any 
associated documentation or information are expressly subject 
to the terms and conditions of the Altera Program License 
Subscription Agreement, Altera MegaCore Function License 
Agreement, or other applicable license agreement, including, 
without limitation, that your use is for the sole purpose of 
programming logic devices manufactured by Altera and sold by 
Altera or its authorized distributors.  Please refer to the 
applicable agreement for further details.



+-------------------------------------------------------------------------+
; TimeQuest Timing Analyzer Summary                                       ;
+--------------------+----------------------------------------------------+
; Quartus II Version ; Version 13.1.0 Build 162 10/23/2013 SJ Web Edition ;
; Revision Name      ; ErrorCalculation                                   ;
; Device Family      ; MAX V                                              ;
; Device Name        ; 5M240ZT144A5                                       ;
; Timing Models      ; Final                                              ;
; Delay Model        ; Slow Model                                         ;
; Rise/Fall Delays   ; Unavailable                                        ;
+--------------------+----------------------------------------------------+


Parallel compilation was disabled, but you have multiple processors available. Enable parallel compilation to reduce compilation time.
+-------------------------------------+
; Parallel Compilation                ;
+----------------------------+--------+
; Processors                 ; Number ;
+----------------------------+--------+
; Number detected on machine ; 4      ;
; Maximum allowed            ; 1      ;
+----------------------------+--------+


----------
; Clocks ;
----------
No clocks to report.


----------------
; Fmax Summary ;
----------------
No paths to report.


-----------------
; Setup Summary ;
-----------------
No paths to report.


----------------
; Hold Summary ;
----------------
No paths to report.


--------------------
; Recovery Summary ;
--------------------
No paths to report.


-------------------
; Removal Summary ;
-------------------
No paths to report.


-------------------------------
; Minimum Pulse Width Summary ;
-------------------------------
No paths to report.


+------------------------------------------------------+
; Propagation Delay                                    ;
+------------+-------------+--------+----+----+--------+
; Input Port ; Output Port ; RR     ; RF ; FR ; FF     ;
+------------+-------------+--------+----+----+--------+
; ADC_L1[0]  ; ERR[0]      ; 21.050 ;    ;    ; 21.050 ;
; ADC_L1[0]  ; ERR[1]      ; 35.718 ;    ;    ; 35.718 ;
; ADC_L1[0]  ; ERR[2]      ; 35.902 ;    ;    ; 35.902 ;
; ADC_L1[0]  ; ERR[3]      ; 37.957 ;    ;    ; 37.957 ;
; ADC_L1[0]  ; ERR[4]      ; 38.977 ;    ;    ; 38.977 ;
; ADC_L1[0]  ; ERR[5]      ; 35.930 ;    ;    ; 35.930 ;
; ADC_L1[0]  ; ERR[6]      ; 40.132 ;    ;    ; 40.132 ;
; ADC_L1[0]  ; ERR[7]      ; 38.963 ;    ;    ; 38.963 ;
; ADC_L1[0]  ; ERR[8]      ; 41.399 ;    ;    ; 41.399 ;
; ADC_L1[0]  ; ROT[0]      ; 39.107 ;    ;    ; 39.107 ;
; ADC_L1[0]  ; ROT[1]      ; 38.074 ;    ;    ; 38.074 ;
; ADC_L1[0]  ; ROT[2]      ; 38.681 ;    ;    ; 38.681 ;
; ADC_L1[0]  ; ROT[3]      ; 40.189 ;    ;    ; 40.189 ;
; ADC_L1[0]  ; ROT[4]      ; 43.082 ;    ;    ; 43.082 ;
; ADC_L1[0]  ; ROT[5]      ; 42.067 ;    ;    ; 42.067 ;
; ADC_L1[0]  ; ROT[6]      ; 43.999 ;    ;    ; 43.999 ;
; ADC_L1[0]  ; ROT[7]      ; 44.483 ;    ;    ; 44.483 ;
; ADC_L1[1]  ; ERR[0]      ; 21.758 ;    ;    ; 21.758 ;
; ADC_L1[1]  ; ERR[1]      ; 37.530 ;    ;    ; 37.530 ;
; ADC_L1[1]  ; ERR[2]      ; 37.714 ;    ;    ; 37.714 ;
; ADC_L1[1]  ; ERR[3]      ; 39.769 ;    ;    ; 39.769 ;
; ADC_L1[1]  ; ERR[4]      ; 40.789 ;    ;    ; 40.789 ;
; ADC_L1[1]  ; ERR[5]      ; 37.742 ;    ;    ; 37.742 ;
; ADC_L1[1]  ; ERR[6]      ; 41.944 ;    ;    ; 41.944 ;
; ADC_L1[1]  ; ERR[7]      ; 40.775 ;    ;    ; 40.775 ;
; ADC_L1[1]  ; ERR[8]      ; 43.211 ;    ;    ; 43.211 ;
; ADC_L1[1]  ; ROT[0]      ; 37.689 ;    ;    ; 37.689 ;
; ADC_L1[1]  ; ROT[1]      ; 37.065 ;    ;    ; 37.065 ;
; ADC_L1[1]  ; ROT[2]      ; 38.113 ;    ;    ; 38.113 ;
; ADC_L1[1]  ; ROT[3]      ; 39.621 ;    ;    ; 39.621 ;
; ADC_L1[1]  ; ROT[4]      ; 42.514 ;    ;    ; 42.514 ;
; ADC_L1[1]  ; ROT[5]      ; 41.499 ;    ;    ; 41.499 ;
; ADC_L1[1]  ; ROT[6]      ; 43.431 ;    ;    ; 43.431 ;
; ADC_L1[1]  ; ROT[7]      ; 43.915 ;    ;    ; 43.915 ;
; ADC_L1[2]  ; ERR[1]      ; 34.071 ;    ;    ; 34.071 ;
; ADC_L1[2]  ; ERR[2]      ; 34.999 ;    ;    ; 34.999 ;
; ADC_L1[2]  ; ERR[3]      ; 37.160 ;    ;    ; 37.160 ;
; ADC_L1[2]  ; ERR[4]      ; 38.180 ;    ;    ; 38.180 ;
; ADC_L1[2]  ; ERR[5]      ; 35.133 ;    ;    ; 35.133 ;
; ADC_L1[2]  ; ERR[6]      ; 39.335 ;    ;    ; 39.335 ;
; ADC_L1[2]  ; ERR[7]      ; 38.166 ;    ;    ; 38.166 ;
; ADC_L1[2]  ; ERR[8]      ; 40.602 ;    ;    ; 40.602 ;
; ADC_L1[2]  ; ROT[0]      ; 34.903 ;    ;    ; 34.903 ;
; ADC_L1[2]  ; ROT[1]      ; 36.008 ;    ;    ; 36.008 ;
; ADC_L1[2]  ; ROT[2]      ; 37.056 ;    ;    ; 37.056 ;
; ADC_L1[2]  ; ROT[3]      ; 38.564 ;    ;    ; 38.564 ;
; ADC_L1[2]  ; ROT[4]      ; 42.307 ;    ;    ; 42.307 ;
; ADC_L1[2]  ; ROT[5]      ; 41.292 ;    ;    ; 41.292 ;
; ADC_L1[2]  ; ROT[6]      ; 43.224 ;    ;    ; 43.224 ;
; ADC_L1[2]  ; ROT[7]      ; 43.708 ;    ;    ; 43.708 ;
; ADC_L1[3]  ; ERR[2]      ; 34.246 ;    ;    ; 34.246 ;
; ADC_L1[3]  ; ERR[3]      ; 37.511 ;    ;    ; 37.511 ;
; ADC_L1[3]  ; ERR[4]      ; 38.531 ;    ;    ; 38.531 ;
; ADC_L1[3]  ; ERR[5]      ; 35.484 ;    ;    ; 35.484 ;
; ADC_L1[3]  ; ERR[6]      ; 39.686 ;    ;    ; 39.686 ;
; ADC_L1[3]  ; ERR[7]      ; 38.517 ;    ;    ; 38.517 ;
; ADC_L1[3]  ; ERR[8]      ; 40.953 ;    ;    ; 40.953 ;
; ADC_L1[3]  ; ROT[0]      ; 35.227 ;    ;    ; 35.227 ;
; ADC_L1[3]  ; ROT[1]      ; 33.344 ;    ;    ; 33.344 ;
; ADC_L1[3]  ; ROT[2]      ; 33.542 ;    ;    ; 33.542 ;
; ADC_L1[3]  ; ROT[3]      ; 36.135 ;    ;    ; 36.135 ;
; ADC_L1[3]  ; ROT[4]      ; 42.631 ;    ;    ; 42.631 ;
; ADC_L1[3]  ; ROT[5]      ; 41.616 ;    ;    ; 41.616 ;
; ADC_L1[3]  ; ROT[6]      ; 43.548 ;    ;    ; 43.548 ;
; ADC_L1[3]  ; ROT[7]      ; 44.032 ;    ;    ; 44.032 ;
; ADC_L1[4]  ; ERR[3]      ; 39.889 ;    ;    ; 39.889 ;
; ADC_L1[4]  ; ERR[4]      ; 40.909 ;    ;    ; 40.909 ;
; ADC_L1[4]  ; ERR[5]      ; 37.862 ;    ;    ; 37.862 ;
; ADC_L1[4]  ; ERR[6]      ; 42.064 ;    ;    ; 42.064 ;
; ADC_L1[4]  ; ERR[7]      ; 40.895 ;    ;    ; 40.895 ;
; ADC_L1[4]  ; ERR[8]      ; 43.331 ;    ;    ; 43.331 ;
; ADC_L1[4]  ; ROT[0]      ; 42.396 ;    ;    ; 42.396 ;
; ADC_L1[4]  ; ROT[1]      ; 40.513 ;    ;    ; 40.513 ;
; ADC_L1[4]  ; ROT[2]      ; 40.711 ;    ;    ; 40.711 ;
; ADC_L1[4]  ; ROT[3]      ; 42.219 ;    ;    ; 42.219 ;
; ADC_L1[4]  ; ROT[4]      ; 49.800 ;    ;    ; 49.800 ;
; ADC_L1[4]  ; ROT[5]      ; 48.785 ;    ;    ; 48.785 ;
; ADC_L1[4]  ; ROT[6]      ; 50.717 ;    ;    ; 50.717 ;
; ADC_L1[4]  ; ROT[7]      ; 51.201 ;    ;    ; 51.201 ;
; ADC_L1[5]  ; ERR[4]      ; 33.915 ;    ;    ; 33.915 ;
; ADC_L1[5]  ; ERR[5]      ; 32.753 ;    ;    ; 32.753 ;
; ADC_L1[5]  ; ERR[6]      ; 38.115 ;    ;    ; 38.115 ;
; ADC_L1[5]  ; ERR[7]      ; 36.946 ;    ;    ; 36.946 ;
; ADC_L1[5]  ; ERR[8]      ; 39.382 ;    ;    ; 39.382 ;
; ADC_L1[5]  ; ROT[0]      ; 36.301 ;    ;    ; 36.301 ;
; ADC_L1[5]  ; ROT[1]      ; 34.418 ;    ;    ; 34.418 ;
; ADC_L1[5]  ; ROT[2]      ; 34.616 ;    ;    ; 34.616 ;
; ADC_L1[5]  ; ROT[3]      ; 36.124 ;    ;    ; 36.124 ;
; ADC_L1[5]  ; ROT[4]      ; 42.375 ;    ;    ; 42.375 ;
; ADC_L1[5]  ; ROT[5]      ; 41.360 ;    ;    ; 41.360 ;
; ADC_L1[5]  ; ROT[6]      ; 43.292 ;    ;    ; 43.292 ;
; ADC_L1[5]  ; ROT[7]      ; 43.776 ;    ;    ; 43.776 ;
; ADC_L1[6]  ; ERR[5]      ; 29.445 ;    ;    ; 29.445 ;
; ADC_L1[6]  ; ERR[6]      ; 34.807 ;    ;    ; 34.807 ;
; ADC_L1[6]  ; ERR[7]      ; 33.671 ;    ;    ; 33.671 ;
; ADC_L1[6]  ; ERR[8]      ; 36.267 ;    ;    ; 36.267 ;
; ADC_L1[6]  ; ROT[0]      ; 34.855 ;    ;    ; 34.855 ;
; ADC_L1[6]  ; ROT[1]      ; 32.972 ;    ;    ; 32.972 ;
; ADC_L1[6]  ; ROT[2]      ; 33.170 ;    ;    ; 33.170 ;
; ADC_L1[6]  ; ROT[3]      ; 34.678 ;    ;    ; 34.678 ;
; ADC_L1[6]  ; ROT[4]      ; 35.860 ;    ;    ; 35.860 ;
; ADC_L1[6]  ; ROT[5]      ; 33.835 ;    ;    ; 33.835 ;
; ADC_L1[6]  ; ROT[6]      ; 35.607 ;    ;    ; 35.607 ;
; ADC_L1[6]  ; ROT[7]      ; 35.931 ;    ;    ; 35.931 ;
; ADC_L1[7]  ; ERR[6]      ; 32.845 ;    ;    ; 32.845 ;
; ADC_L1[7]  ; ERR[7]      ; 32.940 ;    ;    ; 32.940 ;
; ADC_L1[7]  ; ERR[8]      ; 36.130 ;    ;    ; 36.130 ;
; ADC_L1[7]  ; ROT[0]      ; 34.307 ;    ;    ; 34.307 ;
; ADC_L1[7]  ; ROT[1]      ; 32.424 ;    ;    ; 32.424 ;
; ADC_L1[7]  ; ROT[2]      ; 32.622 ;    ;    ; 32.622 ;
; ADC_L1[7]  ; ROT[3]      ; 34.130 ;    ;    ; 34.130 ;
; ADC_L1[7]  ; ROT[4]      ; 35.312 ;    ;    ; 35.312 ;
; ADC_L1[7]  ; ROT[5]      ; 33.287 ;    ;    ; 33.287 ;
; ADC_L1[7]  ; ROT[6]      ; 35.059 ;    ;    ; 35.059 ;
; ADC_L1[7]  ; ROT[7]      ; 35.383 ;    ;    ; 35.383 ;
; ADC_L2[0]  ; ERR[0]      ; 22.323 ;    ;    ; 22.323 ;
; ADC_L2[0]  ; ERR[1]      ; 36.991 ;    ;    ; 36.991 ;
; ADC_L2[0]  ; ERR[2]      ; 37.175 ;    ;    ; 37.175 ;
; ADC_L2[0]  ; ERR[3]      ; 39.230 ;    ;    ; 39.230 ;
; ADC_L2[0]  ; ERR[4]      ; 40.250 ;    ;    ; 40.250 ;
; ADC_L2[0]  ; ERR[5]      ; 37.203 ;    ;    ; 37.203 ;
; ADC_L2[0]  ; ERR[6]      ; 41.405 ;    ;    ; 41.405 ;
; ADC_L2[0]  ; ERR[7]      ; 40.236 ;    ;    ; 40.236 ;
; ADC_L2[0]  ; ERR[8]      ; 42.672 ;    ;    ; 42.672 ;
; ADC_L2[0]  ; ROT[0]      ; 40.446 ;    ;    ; 40.446 ;
; ADC_L2[0]  ; ROT[1]      ; 39.413 ;    ;    ; 39.413 ;
; ADC_L2[0]  ; ROT[2]      ; 40.020 ;    ;    ; 40.020 ;
; ADC_L2[0]  ; ROT[3]      ; 41.528 ;    ;    ; 41.528 ;
; ADC_L2[0]  ; ROT[4]      ; 44.421 ;    ;    ; 44.421 ;
; ADC_L2[0]  ; ROT[5]      ; 43.406 ;    ;    ; 43.406 ;
; ADC_L2[0]  ; ROT[6]      ; 45.338 ;    ;    ; 45.338 ;
; ADC_L2[0]  ; ROT[7]      ; 45.822 ;    ;    ; 45.822 ;
; ADC_L2[1]  ; ERR[0]      ; 19.568 ;    ;    ; 19.568 ;
; ADC_L2[1]  ; ERR[1]      ; 35.086 ;    ;    ; 35.086 ;
; ADC_L2[1]  ; ERR[2]      ; 35.270 ;    ;    ; 35.270 ;
; ADC_L2[1]  ; ERR[3]      ; 37.325 ;    ;    ; 37.325 ;
; ADC_L2[1]  ; ERR[4]      ; 38.345 ;    ;    ; 38.345 ;
; ADC_L2[1]  ; ERR[5]      ; 35.298 ;    ;    ; 35.298 ;
; ADC_L2[1]  ; ERR[6]      ; 39.500 ;    ;    ; 39.500 ;
; ADC_L2[1]  ; ERR[7]      ; 38.331 ;    ;    ; 38.331 ;
; ADC_L2[1]  ; ERR[8]      ; 40.767 ;    ;    ; 40.767 ;
; ADC_L2[1]  ; ROT[0]      ; 37.835 ;    ;    ; 37.835 ;
; ADC_L2[1]  ; ROT[1]      ; 37.465 ;    ;    ; 37.465 ;
; ADC_L2[1]  ; ROT[2]      ; 38.513 ;    ;    ; 38.513 ;
; ADC_L2[1]  ; ROT[3]      ; 40.021 ;    ;    ; 40.021 ;
; ADC_L2[1]  ; ROT[4]      ; 42.914 ;    ;    ; 42.914 ;
; ADC_L2[1]  ; ROT[5]      ; 41.899 ;    ;    ; 41.899 ;
; ADC_L2[1]  ; ROT[6]      ; 43.831 ;    ;    ; 43.831 ;
; ADC_L2[1]  ; ROT[7]      ; 44.315 ;    ;    ; 44.315 ;
; ADC_L2[2]  ; ERR[1]      ; 37.728 ;    ;    ; 37.728 ;
; ADC_L2[2]  ; ERR[2]      ; 38.910 ;    ;    ; 38.910 ;
; ADC_L2[2]  ; ERR[3]      ; 41.071 ;    ;    ; 41.071 ;
; ADC_L2[2]  ; ERR[4]      ; 42.091 ;    ;    ; 42.091 ;
; ADC_L2[2]  ; ERR[5]      ; 39.044 ;    ;    ; 39.044 ;
; ADC_L2[2]  ; ERR[6]      ; 43.246 ;    ;    ; 43.246 ;
; ADC_L2[2]  ; ERR[7]      ; 42.077 ;    ;    ; 42.077 ;
; ADC_L2[2]  ; ERR[8]      ; 44.513 ;    ;    ; 44.513 ;
; ADC_L2[2]  ; ROT[0]      ; 36.857 ;    ;    ; 36.857 ;
; ADC_L2[2]  ; ROT[1]      ; 37.708 ;    ;    ; 37.708 ;
; ADC_L2[2]  ; ROT[2]      ; 38.756 ;    ;    ; 38.756 ;
; ADC_L2[2]  ; ROT[3]      ; 40.264 ;    ;    ; 40.264 ;
; ADC_L2[2]  ; ROT[4]      ; 44.261 ;    ;    ; 44.261 ;
; ADC_L2[2]  ; ROT[5]      ; 43.246 ;    ;    ; 43.246 ;
; ADC_L2[2]  ; ROT[6]      ; 45.178 ;    ;    ; 45.178 ;
; ADC_L2[2]  ; ROT[7]      ; 45.662 ;    ;    ; 45.662 ;
; ADC_L2[3]  ; ERR[2]      ; 39.453 ;    ;    ; 39.453 ;
; ADC_L2[3]  ; ERR[3]      ; 42.464 ;    ;    ; 42.464 ;
; ADC_L2[3]  ; ERR[4]      ; 43.484 ;    ;    ; 43.484 ;
; ADC_L2[3]  ; ERR[5]      ; 40.437 ;    ;    ; 40.437 ;
; ADC_L2[3]  ; ERR[6]      ; 44.639 ;    ;    ; 44.639 ;
; ADC_L2[3]  ; ERR[7]      ; 43.470 ;    ;    ; 43.470 ;
; ADC_L2[3]  ; ERR[8]      ; 45.906 ;    ;    ; 45.906 ;
; ADC_L2[3]  ; ROT[0]      ; 40.103 ;    ;    ; 40.103 ;
; ADC_L2[3]  ; ROT[1]      ; 38.220 ;    ;    ; 38.220 ;
; ADC_L2[3]  ; ROT[2]      ; 38.418 ;    ;    ; 38.418 ;
; ADC_L2[3]  ; ROT[3]      ; 41.011 ;    ;    ; 41.011 ;
; ADC_L2[3]  ; ROT[4]      ; 47.507 ;    ;    ; 47.507 ;
; ADC_L2[3]  ; ROT[5]      ; 46.492 ;    ;    ; 46.492 ;
; ADC_L2[3]  ; ROT[6]      ; 48.424 ;    ;    ; 48.424 ;
; ADC_L2[3]  ; ROT[7]      ; 48.908 ;    ;    ; 48.908 ;
; ADC_L2[4]  ; ERR[3]      ; 39.913 ;    ;    ; 39.913 ;
; ADC_L2[4]  ; ERR[4]      ; 40.933 ;    ;    ; 40.933 ;
; ADC_L2[4]  ; ERR[5]      ; 37.886 ;    ;    ; 37.886 ;
; ADC_L2[4]  ; ERR[6]      ; 42.088 ;    ;    ; 42.088 ;
; ADC_L2[4]  ; ERR[7]      ; 40.919 ;    ;    ; 40.919 ;
; ADC_L2[4]  ; ERR[8]      ; 43.355 ;    ;    ; 43.355 ;
; ADC_L2[4]  ; ROT[0]      ; 36.849 ;    ;    ; 36.849 ;
; ADC_L2[4]  ; ROT[1]      ; 34.966 ;    ;    ; 34.966 ;
; ADC_L2[4]  ; ROT[2]      ; 35.164 ;    ;    ; 35.164 ;
; ADC_L2[4]  ; ROT[3]      ; 36.672 ;    ;    ; 36.672 ;
; ADC_L2[4]  ; ROT[4]      ; 44.253 ;    ;    ; 44.253 ;
; ADC_L2[4]  ; ROT[5]      ; 43.238 ;    ;    ; 43.238 ;
; ADC_L2[4]  ; ROT[6]      ; 45.170 ;    ;    ; 45.170 ;
; ADC_L2[4]  ; ROT[7]      ; 45.654 ;    ;    ; 45.654 ;
; ADC_L2[5]  ; ERR[4]      ; 31.883 ;    ;    ; 31.883 ;
; ADC_L2[5]  ; ERR[5]      ; 30.467 ;    ;    ; 30.467 ;
; ADC_L2[5]  ; ERR[6]      ; 35.829 ;    ;    ; 35.829 ;
; ADC_L2[5]  ; ERR[7]      ; 34.660 ;    ;    ; 34.660 ;
; ADC_L2[5]  ; ERR[8]      ; 37.096 ;    ;    ; 37.096 ;
; ADC_L2[5]  ; ROT[0]      ; 34.973 ;    ;    ; 34.973 ;
; ADC_L2[5]  ; ROT[1]      ; 33.090 ;    ;    ; 33.090 ;
; ADC_L2[5]  ; ROT[2]      ; 33.288 ;    ;    ; 33.288 ;
; ADC_L2[5]  ; ROT[3]      ; 34.796 ;    ;    ; 34.796 ;
; ADC_L2[5]  ; ROT[4]      ; 40.793 ;    ;    ; 40.793 ;
; ADC_L2[5]  ; ROT[5]      ; 39.778 ;    ;    ; 39.778 ;
; ADC_L2[5]  ; ROT[6]      ; 41.710 ;    ;    ; 41.710 ;
; ADC_L2[5]  ; ROT[7]      ; 42.194 ;    ;    ; 42.194 ;
; ADC_L2[6]  ; ERR[5]      ; 29.721 ;    ;    ; 29.721 ;
; ADC_L2[6]  ; ERR[6]      ; 35.083 ;    ;    ; 35.083 ;
; ADC_L2[6]  ; ERR[7]      ; 34.201 ;    ;    ; 34.201 ;
; ADC_L2[6]  ; ERR[8]      ; 36.797 ;    ;    ; 36.797 ;
; ADC_L2[6]  ; ROT[0]      ; 34.363 ;    ;    ; 34.363 ;
; ADC_L2[6]  ; ROT[1]      ; 32.480 ;    ;    ; 32.480 ;
; ADC_L2[6]  ; ROT[2]      ; 32.678 ;    ;    ; 32.678 ;
; ADC_L2[6]  ; ROT[3]      ; 34.186 ;    ;    ; 34.186 ;
; ADC_L2[6]  ; ROT[4]      ; 35.368 ;    ;    ; 35.368 ;
; ADC_L2[6]  ; ROT[5]      ; 33.343 ;    ;    ; 33.343 ;
; ADC_L2[6]  ; ROT[6]      ; 35.115 ;    ;    ; 35.115 ;
; ADC_L2[6]  ; ROT[7]      ; 35.439 ;    ;    ; 35.439 ;
; ADC_L2[7]  ; ERR[6]      ; 32.646 ;    ;    ; 32.646 ;
; ADC_L2[7]  ; ERR[7]      ; 32.741 ;    ;    ; 32.741 ;
; ADC_L2[7]  ; ERR[8]      ; 35.677 ;    ;    ; 35.677 ;
; ADC_L2[7]  ; ROT[0]      ; 34.716 ;    ;    ; 34.716 ;
; ADC_L2[7]  ; ROT[1]      ; 32.833 ;    ;    ; 32.833 ;
; ADC_L2[7]  ; ROT[2]      ; 33.031 ;    ;    ; 33.031 ;
; ADC_L2[7]  ; ROT[3]      ; 34.539 ;    ;    ; 34.539 ;
; ADC_L2[7]  ; ROT[4]      ; 35.721 ;    ;    ; 35.721 ;
; ADC_L2[7]  ; ROT[5]      ; 33.696 ;    ;    ; 33.696 ;
; ADC_L2[7]  ; ROT[6]      ; 35.468 ;    ;    ; 35.468 ;
; ADC_L2[7]  ; ROT[7]      ; 35.792 ;    ;    ; 35.792 ;
; ADC_R1[0]  ; ERR[0]      ; 27.156 ;    ;    ; 27.156 ;
; ADC_R1[0]  ; ERR[1]      ; 34.813 ;    ;    ; 34.813 ;
; ADC_R1[0]  ; ERR[2]      ; 30.105 ;    ;    ; 30.105 ;
; ADC_R1[0]  ; ERR[3]      ; 38.131 ;    ;    ; 38.131 ;
; ADC_R1[0]  ; ERR[4]      ; 32.711 ;    ;    ; 32.711 ;
; ADC_R1[0]  ; ERR[5]      ; 36.185 ;    ;    ; 36.185 ;
; ADC_R1[0]  ; ERR[6]      ; 33.056 ;    ;    ; 33.056 ;
; ADC_R1[0]  ; ERR[7]      ; 33.395 ;    ;    ; 33.395 ;
; ADC_R1[0]  ; ERR[8]      ; 33.316 ;    ;    ; 33.316 ;
; ADC_R1[0]  ; ROT[0]      ; 35.566 ;    ;    ; 35.566 ;
; ADC_R1[0]  ; ROT[1]      ; 34.533 ;    ;    ; 34.533 ;
; ADC_R1[0]  ; ROT[2]      ; 36.599 ;    ;    ; 36.599 ;
; ADC_R1[0]  ; ROT[3]      ; 39.211 ;    ;    ; 39.211 ;
; ADC_R1[0]  ; ROT[4]      ; 40.393 ;    ;    ; 40.393 ;
; ADC_R1[0]  ; ROT[5]      ; 38.368 ;    ;    ; 38.368 ;
; ADC_R1[0]  ; ROT[6]      ; 40.140 ;    ;    ; 40.140 ;
; ADC_R1[0]  ; ROT[7]      ; 40.464 ;    ;    ; 40.464 ;
; ADC_R1[1]  ; ERR[0]      ; 29.299 ;    ;    ; 29.299 ;
; ADC_R1[1]  ; ERR[1]      ; 37.806 ;    ;    ; 37.806 ;
; ADC_R1[1]  ; ERR[2]      ; 33.098 ;    ;    ; 33.098 ;
; ADC_R1[1]  ; ERR[3]      ; 41.124 ;    ;    ; 41.124 ;
; ADC_R1[1]  ; ERR[4]      ; 35.704 ;    ;    ; 35.704 ;
; ADC_R1[1]  ; ERR[5]      ; 39.178 ;    ;    ; 39.178 ;
; ADC_R1[1]  ; ERR[6]      ; 36.049 ;    ;    ; 36.049 ;
; ADC_R1[1]  ; ERR[7]      ; 36.388 ;    ;    ; 36.388 ;
; ADC_R1[1]  ; ERR[8]      ; 36.309 ;    ;    ; 36.309 ;
; ADC_R1[1]  ; ROT[0]      ; 37.637 ;    ;    ; 37.637 ;
; ADC_R1[1]  ; ROT[1]      ; 36.604 ;    ;    ; 36.604 ;
; ADC_R1[1]  ; ROT[2]      ; 39.520 ;    ;    ; 39.520 ;
; ADC_R1[1]  ; ROT[3]      ; 42.132 ;    ;    ; 42.132 ;
; ADC_R1[1]  ; ROT[4]      ; 43.314 ;    ;    ; 43.314 ;
; ADC_R1[1]  ; ROT[5]      ; 41.289 ;    ;    ; 41.289 ;
; ADC_R1[1]  ; ROT[6]      ; 43.061 ;    ;    ; 43.061 ;
; ADC_R1[1]  ; ROT[7]      ; 43.385 ;    ;    ; 43.385 ;
; ADC_R1[2]  ; ERR[1]      ; 35.375 ;    ;    ; 35.375 ;
; ADC_R1[2]  ; ERR[2]      ; 31.134 ;    ;    ; 31.134 ;
; ADC_R1[2]  ; ERR[3]      ; 39.797 ;    ;    ; 39.797 ;
; ADC_R1[2]  ; ERR[4]      ; 34.377 ;    ;    ; 34.377 ;
; ADC_R1[2]  ; ERR[5]      ; 37.851 ;    ;    ; 37.851 ;
; ADC_R1[2]  ; ERR[6]      ; 34.722 ;    ;    ; 34.722 ;
; ADC_R1[2]  ; ERR[7]      ; 35.061 ;    ;    ; 35.061 ;
; ADC_R1[2]  ; ERR[8]      ; 34.982 ;    ;    ; 34.982 ;
; ADC_R1[2]  ; ROT[0]      ; 32.605 ;    ;    ; 32.605 ;
; ADC_R1[2]  ; ROT[1]      ; 32.028 ;    ;    ; 32.028 ;
; ADC_R1[2]  ; ROT[2]      ; 35.916 ;    ;    ; 35.916 ;
; ADC_R1[2]  ; ROT[3]      ; 38.528 ;    ;    ; 38.528 ;
; ADC_R1[2]  ; ROT[4]      ; 39.710 ;    ;    ; 39.710 ;
; ADC_R1[2]  ; ROT[5]      ; 37.685 ;    ;    ; 37.685 ;
; ADC_R1[2]  ; ROT[6]      ; 39.457 ;    ;    ; 39.457 ;
; ADC_R1[2]  ; ROT[7]      ; 39.781 ;    ;    ; 39.781 ;
; ADC_R1[3]  ; ERR[2]      ; 29.078 ;    ;    ; 29.078 ;
; ADC_R1[3]  ; ERR[3]      ; 37.741 ;    ;    ; 37.741 ;
; ADC_R1[3]  ; ERR[4]      ; 32.951 ;    ;    ; 32.951 ;
; ADC_R1[3]  ; ERR[5]      ; 36.864 ;    ;    ; 36.864 ;
; ADC_R1[3]  ; ERR[6]      ; 33.770 ;    ;    ; 33.770 ;
; ADC_R1[3]  ; ERR[7]      ; 34.109 ;    ;    ; 34.109 ;
; ADC_R1[3]  ; ERR[8]      ; 34.030 ;    ;    ; 34.030 ;
; ADC_R1[3]  ; ROT[0]      ; 34.138 ;    ;    ; 34.138 ;
; ADC_R1[3]  ; ROT[1]      ; 32.255 ;    ;    ; 32.255 ;
; ADC_R1[3]  ; ROT[2]      ; 36.345 ;    ;    ; 36.345 ;
; ADC_R1[3]  ; ROT[3]      ; 38.957 ;    ;    ; 38.957 ;
; ADC_R1[3]  ; ROT[4]      ; 40.139 ;    ;    ; 40.139 ;
; ADC_R1[3]  ; ROT[5]      ; 38.114 ;    ;    ; 38.114 ;
; ADC_R1[3]  ; ROT[6]      ; 39.886 ;    ;    ; 39.886 ;
; ADC_R1[3]  ; ROT[7]      ; 40.210 ;    ;    ; 40.210 ;
; ADC_R1[4]  ; ERR[3]      ; 34.170 ;    ;    ; 34.170 ;
; ADC_R1[4]  ; ERR[4]      ; 30.363 ;    ;    ; 30.363 ;
; ADC_R1[4]  ; ERR[5]      ; 34.687 ;    ;    ; 34.687 ;
; ADC_R1[4]  ; ERR[6]      ; 31.593 ;    ;    ; 31.593 ;
; ADC_R1[4]  ; ERR[7]      ; 31.932 ;    ;    ; 31.932 ;
; ADC_R1[4]  ; ERR[8]      ; 31.853 ;    ;    ; 31.853 ;
; ADC_R1[4]  ; ROT[0]      ; 31.742 ;    ;    ; 31.742 ;
; ADC_R1[4]  ; ROT[1]      ; 29.859 ;    ;    ; 29.859 ;
; ADC_R1[4]  ; ROT[2]      ; 30.057 ;    ;    ; 30.057 ;
; ADC_R1[4]  ; ROT[3]      ; 31.623 ;    ;    ; 31.623 ;
; ADC_R1[4]  ; ROT[4]      ; 35.589 ;    ;    ; 35.589 ;
; ADC_R1[4]  ; ROT[5]      ; 34.574 ;    ;    ; 34.574 ;
; ADC_R1[4]  ; ROT[6]      ; 36.506 ;    ;    ; 36.506 ;
; ADC_R1[4]  ; ROT[7]      ; 36.990 ;    ;    ; 36.990 ;
; ADC_R1[5]  ; ERR[4]      ; 29.526 ;    ;    ; 29.526 ;
; ADC_R1[5]  ; ERR[5]      ; 34.274 ;    ;    ; 34.274 ;
; ADC_R1[5]  ; ERR[6]      ; 32.020 ;    ;    ; 32.020 ;
; ADC_R1[5]  ; ERR[7]      ; 32.359 ;    ;    ; 32.359 ;
; ADC_R1[5]  ; ERR[8]      ; 32.280 ;    ;    ; 32.280 ;
; ADC_R1[5]  ; ROT[0]      ; 33.849 ;    ;    ; 33.849 ;
; ADC_R1[5]  ; ROT[1]      ; 31.966 ;    ;    ; 31.966 ;
; ADC_R1[5]  ; ROT[2]      ; 32.164 ;    ;    ; 32.164 ;
; ADC_R1[5]  ; ROT[3]      ; 33.672 ;    ;    ; 33.672 ;
; ADC_R1[5]  ; ROT[4]      ; 36.366 ;    ;    ; 36.366 ;
; ADC_R1[5]  ; ROT[5]      ; 35.351 ;    ;    ; 35.351 ;
; ADC_R1[5]  ; ROT[6]      ; 37.283 ;    ;    ; 37.283 ;
; ADC_R1[5]  ; ROT[7]      ; 37.767 ;    ;    ; 37.767 ;
; ADC_R1[6]  ; ERR[5]      ; 32.789 ;    ;    ; 32.789 ;
; ADC_R1[6]  ; ERR[6]      ; 30.535 ;    ;    ; 30.535 ;
; ADC_R1[6]  ; ERR[7]      ; 31.493 ;    ;    ; 31.493 ;
; ADC_R1[6]  ; ERR[8]      ; 31.574 ;    ;    ; 31.574 ;
; ADC_R1[6]  ; ROT[0]      ; 32.399 ;    ;    ; 32.399 ;
; ADC_R1[6]  ; ROT[1]      ; 30.516 ;    ;    ; 30.516 ;
; ADC_R1[6]  ; ROT[2]      ; 30.714 ;    ;    ; 30.714 ;
; ADC_R1[6]  ; ROT[3]      ; 32.222 ;    ;    ; 32.222 ;
; ADC_R1[6]  ; ROT[4]      ; 33.404 ;    ;    ; 33.404 ;
; ADC_R1[6]  ; ROT[5]      ; 31.379 ;    ;    ; 31.379 ;
; ADC_R1[6]  ; ROT[6]      ; 33.822 ;    ;    ; 33.822 ;
; ADC_R1[6]  ; ROT[7]      ; 35.156 ;    ;    ; 35.156 ;
; ADC_R1[7]  ; ERR[6]      ; 28.890 ;    ;    ; 28.890 ;
; ADC_R1[7]  ; ERR[7]      ; 30.493 ;    ;    ; 30.493 ;
; ADC_R1[7]  ; ERR[8]      ; 30.929 ;    ;    ; 30.929 ;
; ADC_R1[7]  ; ROT[0]      ; 34.108 ;    ;    ; 34.108 ;
; ADC_R1[7]  ; ROT[1]      ; 32.225 ;    ;    ; 32.225 ;
; ADC_R1[7]  ; ROT[2]      ; 32.423 ;    ;    ; 32.423 ;
; ADC_R1[7]  ; ROT[3]      ; 33.931 ;    ;    ; 33.931 ;
; ADC_R1[7]  ; ROT[4]      ; 35.113 ;    ;    ; 35.113 ;
; ADC_R1[7]  ; ROT[5]      ; 33.088 ;    ;    ; 33.088 ;
; ADC_R1[7]  ; ROT[6]      ; 34.860 ;    ;    ; 34.860 ;
; ADC_R1[7]  ; ROT[7]      ; 35.761 ;    ;    ; 35.761 ;
; ADC_R2[0]  ; ERR[0]      ; 28.524 ;    ;    ; 28.524 ;
; ADC_R2[0]  ; ERR[1]      ; 36.181 ;    ;    ; 36.181 ;
; ADC_R2[0]  ; ERR[2]      ; 31.473 ;    ;    ; 31.473 ;
; ADC_R2[0]  ; ERR[3]      ; 39.499 ;    ;    ; 39.499 ;
; ADC_R2[0]  ; ERR[4]      ; 34.079 ;    ;    ; 34.079 ;
; ADC_R2[0]  ; ERR[5]      ; 37.553 ;    ;    ; 37.553 ;
; ADC_R2[0]  ; ERR[6]      ; 34.424 ;    ;    ; 34.424 ;
; ADC_R2[0]  ; ERR[7]      ; 34.763 ;    ;    ; 34.763 ;
; ADC_R2[0]  ; ERR[8]      ; 34.684 ;    ;    ; 34.684 ;
; ADC_R2[0]  ; ROT[0]      ; 36.942 ;    ;    ; 36.942 ;
; ADC_R2[0]  ; ROT[1]      ; 35.909 ;    ;    ; 35.909 ;
; ADC_R2[0]  ; ROT[2]      ; 37.975 ;    ;    ; 37.975 ;
; ADC_R2[0]  ; ROT[3]      ; 40.587 ;    ;    ; 40.587 ;
; ADC_R2[0]  ; ROT[4]      ; 41.769 ;    ;    ; 41.769 ;
; ADC_R2[0]  ; ROT[5]      ; 39.744 ;    ;    ; 39.744 ;
; ADC_R2[0]  ; ROT[6]      ; 41.516 ;    ;    ; 41.516 ;
; ADC_R2[0]  ; ROT[7]      ; 41.840 ;    ;    ; 41.840 ;
; ADC_R2[1]  ; ERR[0]      ; 25.848 ;    ;    ; 25.848 ;
; ADC_R2[1]  ; ERR[1]      ; 34.609 ;    ;    ; 34.609 ;
; ADC_R2[1]  ; ERR[2]      ; 29.901 ;    ;    ; 29.901 ;
; ADC_R2[1]  ; ERR[3]      ; 37.927 ;    ;    ; 37.927 ;
; ADC_R2[1]  ; ERR[4]      ; 32.507 ;    ;    ; 32.507 ;
; ADC_R2[1]  ; ERR[5]      ; 35.981 ;    ;    ; 35.981 ;
; ADC_R2[1]  ; ERR[6]      ; 32.852 ;    ;    ; 32.852 ;
; ADC_R2[1]  ; ERR[7]      ; 33.191 ;    ;    ; 33.191 ;
; ADC_R2[1]  ; ERR[8]      ; 33.112 ;    ;    ; 33.112 ;
; ADC_R2[1]  ; ROT[0]      ; 35.884 ;    ;    ; 35.884 ;
; ADC_R2[1]  ; ROT[1]      ; 34.983 ;    ;    ; 34.983 ;
; ADC_R2[1]  ; ROT[2]      ; 38.021 ;    ;    ; 38.021 ;
; ADC_R2[1]  ; ROT[3]      ; 40.633 ;    ;    ; 40.633 ;
; ADC_R2[1]  ; ROT[4]      ; 41.815 ;    ;    ; 41.815 ;
; ADC_R2[1]  ; ROT[5]      ; 39.790 ;    ;    ; 39.790 ;
; ADC_R2[1]  ; ROT[6]      ; 41.562 ;    ;    ; 41.562 ;
; ADC_R2[1]  ; ROT[7]      ; 41.886 ;    ;    ; 41.886 ;
; ADC_R2[2]  ; ERR[1]      ; 33.218 ;    ;    ; 33.218 ;
; ADC_R2[2]  ; ERR[2]      ; 28.723 ;    ;    ; 28.723 ;
; ADC_R2[2]  ; ERR[3]      ; 37.386 ;    ;    ; 37.386 ;
; ADC_R2[2]  ; ERR[4]      ; 31.966 ;    ;    ; 31.966 ;
; ADC_R2[2]  ; ERR[5]      ; 35.440 ;    ;    ; 35.440 ;
; ADC_R2[2]  ; ERR[6]      ; 32.311 ;    ;    ; 32.311 ;
; ADC_R2[2]  ; ERR[7]      ; 32.650 ;    ;    ; 32.650 ;
; ADC_R2[2]  ; ERR[8]      ; 32.571 ;    ;    ; 32.571 ;
; ADC_R2[2]  ; ROT[0]      ; 33.143 ;    ;    ; 33.143 ;
; ADC_R2[2]  ; ROT[1]      ; 32.312 ;    ;    ; 32.312 ;
; ADC_R2[2]  ; ROT[2]      ; 36.454 ;    ;    ; 36.454 ;
; ADC_R2[2]  ; ROT[3]      ; 39.066 ;    ;    ; 39.066 ;
; ADC_R2[2]  ; ROT[4]      ; 40.248 ;    ;    ; 40.248 ;
; ADC_R2[2]  ; ROT[5]      ; 38.223 ;    ;    ; 38.223 ;
; ADC_R2[2]  ; ROT[6]      ; 39.995 ;    ;    ; 39.995 ;
; ADC_R2[2]  ; ROT[7]      ; 40.319 ;    ;    ; 40.319 ;
; ADC_R2[3]  ; ERR[2]      ; 31.314 ;    ;    ; 31.314 ;
; ADC_R2[3]  ; ERR[3]      ; 39.977 ;    ;    ; 39.977 ;
; ADC_R2[3]  ; ERR[4]      ; 34.933 ;    ;    ; 34.933 ;
; ADC_R2[3]  ; ERR[5]      ; 38.846 ;    ;    ; 38.846 ;
; ADC_R2[3]  ; ERR[6]      ; 35.752 ;    ;    ; 35.752 ;
; ADC_R2[3]  ; ERR[7]      ; 36.091 ;    ;    ; 36.091 ;
; ADC_R2[3]  ; ERR[8]      ; 36.012 ;    ;    ; 36.012 ;
; ADC_R2[3]  ; ROT[0]      ; 35.961 ;    ;    ; 35.961 ;
; ADC_R2[3]  ; ROT[1]      ; 34.078 ;    ;    ; 34.078 ;
; ADC_R2[3]  ; ROT[2]      ; 38.422 ;    ;    ; 38.422 ;
; ADC_R2[3]  ; ROT[3]      ; 41.034 ;    ;    ; 41.034 ;
; ADC_R2[3]  ; ROT[4]      ; 42.216 ;    ;    ; 42.216 ;
; ADC_R2[3]  ; ROT[5]      ; 40.191 ;    ;    ; 40.191 ;
; ADC_R2[3]  ; ROT[6]      ; 41.963 ;    ;    ; 41.963 ;
; ADC_R2[3]  ; ROT[7]      ; 42.287 ;    ;    ; 42.287 ;
; ADC_R2[4]  ; ERR[3]      ; 37.037 ;    ;    ; 37.037 ;
; ADC_R2[4]  ; ERR[4]      ; 33.216 ;    ;    ; 33.216 ;
; ADC_R2[4]  ; ERR[5]      ; 37.540 ;    ;    ; 37.540 ;
; ADC_R2[4]  ; ERR[6]      ; 34.446 ;    ;    ; 34.446 ;
; ADC_R2[4]  ; ERR[7]      ; 34.785 ;    ;    ; 34.785 ;
; ADC_R2[4]  ; ERR[8]      ; 34.706 ;    ;    ; 34.706 ;
; ADC_R2[4]  ; ROT[0]      ; 34.701 ;    ;    ; 34.701 ;
; ADC_R2[4]  ; ROT[1]      ; 32.818 ;    ;    ; 32.818 ;
; ADC_R2[4]  ; ROT[2]      ; 33.016 ;    ;    ; 33.016 ;
; ADC_R2[4]  ; ROT[3]      ; 34.596 ;    ;    ; 34.596 ;
; ADC_R2[4]  ; ROT[4]      ; 38.548 ;    ;    ; 38.548 ;
; ADC_R2[4]  ; ROT[5]      ; 37.533 ;    ;    ; 37.533 ;
; ADC_R2[4]  ; ROT[6]      ; 39.465 ;    ;    ; 39.465 ;
; ADC_R2[4]  ; ROT[7]      ; 39.949 ;    ;    ; 39.949 ;
; ADC_R2[5]  ; ERR[4]      ; 31.426 ;    ;    ; 31.426 ;
; ADC_R2[5]  ; ERR[5]      ; 35.920 ;    ;    ; 35.920 ;
; ADC_R2[5]  ; ERR[6]      ; 33.666 ;    ;    ; 33.666 ;
; ADC_R2[5]  ; ERR[7]      ; 34.005 ;    ;    ; 34.005 ;
; ADC_R2[5]  ; ERR[8]      ; 33.926 ;    ;    ; 33.926 ;
; ADC_R2[5]  ; ROT[0]      ; 32.494 ;    ;    ; 32.494 ;
; ADC_R2[5]  ; ROT[1]      ; 30.611 ;    ;    ; 30.611 ;
; ADC_R2[5]  ; ROT[2]      ; 30.809 ;    ;    ; 30.809 ;
; ADC_R2[5]  ; ROT[3]      ; 32.317 ;    ;    ; 32.317 ;
; ADC_R2[5]  ; ROT[4]      ; 34.757 ;    ;    ; 34.757 ;
; ADC_R2[5]  ; ROT[5]      ; 33.742 ;    ;    ; 33.742 ;
; ADC_R2[5]  ; ROT[6]      ; 35.674 ;    ;    ; 35.674 ;
; ADC_R2[5]  ; ROT[7]      ; 36.158 ;    ;    ; 36.158 ;
; ADC_R2[6]  ; ERR[5]      ; 36.913 ;    ;    ; 36.913 ;
; ADC_R2[6]  ; ERR[6]      ; 34.659 ;    ;    ; 34.659 ;
; ADC_R2[6]  ; ERR[7]      ; 35.871 ;    ;    ; 35.871 ;
; ADC_R2[6]  ; ERR[8]      ; 35.952 ;    ;    ; 35.952 ;
; ADC_R2[6]  ; ROT[0]      ; 35.857 ;    ;    ; 35.857 ;
; ADC_R2[6]  ; ROT[1]      ; 33.974 ;    ;    ; 33.974 ;
; ADC_R2[6]  ; ROT[2]      ; 34.172 ;    ;    ; 34.172 ;
; ADC_R2[6]  ; ROT[3]      ; 35.680 ;    ;    ; 35.680 ;
; ADC_R2[6]  ; ROT[4]      ; 36.862 ;    ;    ; 36.862 ;
; ADC_R2[6]  ; ROT[5]      ; 34.837 ;    ;    ; 34.837 ;
; ADC_R2[6]  ; ROT[6]      ; 37.280 ;    ;    ; 37.280 ;
; ADC_R2[6]  ; ROT[7]      ; 38.614 ;    ;    ; 38.614 ;
; ADC_R2[7]  ; ERR[6]      ; 29.082 ;    ;    ; 29.082 ;
; ADC_R2[7]  ; ERR[7]      ; 30.685 ;    ;    ; 30.685 ;
; ADC_R2[7]  ; ERR[8]      ; 31.375 ;    ;    ; 31.375 ;
; ADC_R2[7]  ; ROT[0]      ; 31.740 ;    ;    ; 31.740 ;
; ADC_R2[7]  ; ROT[1]      ; 29.857 ;    ;    ; 29.857 ;
; ADC_R2[7]  ; ROT[2]      ; 30.055 ;    ;    ; 30.055 ;
; ADC_R2[7]  ; ROT[3]      ; 31.563 ;    ;    ; 31.563 ;
; ADC_R2[7]  ; ROT[4]      ; 32.745 ;    ;    ; 32.745 ;
; ADC_R2[7]  ; ROT[5]      ; 30.720 ;    ;    ; 30.720 ;
; ADC_R2[7]  ; ROT[6]      ; 32.492 ;    ;    ; 32.492 ;
; ADC_R2[7]  ; ROT[7]      ; 33.647 ;    ;    ; 33.647 ;
; RGHT       ; ERR[0]      ; 21.366 ;    ;    ; 21.366 ;
; RGHT       ; ERR[1]      ; 19.488 ;    ;    ; 19.488 ;
; RGHT       ; ERR[2]      ; 17.531 ;    ;    ; 17.531 ;
; RGHT       ; ERR[3]      ; 24.986 ;    ;    ; 24.986 ;
; RGHT       ; ERR[4]      ; 17.965 ;    ;    ; 17.965 ;
; RGHT       ; ERR[5]      ; 20.887 ;    ;    ; 20.887 ;
; RGHT       ; ERR[6]      ; 20.202 ;    ;    ; 20.202 ;
; RGHT       ; ERR[7]      ; 16.514 ;    ;    ; 16.514 ;
; RGHT       ; ERR[8]      ; 23.223 ;    ;    ; 23.223 ;
; RGHT       ; ROT[0]      ; 30.596 ;    ;    ; 30.596 ;
; RGHT       ; ROT[1]      ; 28.713 ;    ;    ; 28.713 ;
; RGHT       ; ROT[2]      ; 30.088 ;    ;    ; 30.088 ;
; RGHT       ; ROT[3]      ; 32.700 ;    ;    ; 32.700 ;
; RGHT       ; ROT[4]      ; 33.882 ;    ;    ; 33.882 ;
; RGHT       ; ROT[5]      ; 31.857 ;    ;    ; 31.857 ;
; RGHT       ; ROT[6]      ; 33.629 ;    ;    ; 33.629 ;
; RGHT       ; ROT[7]      ; 33.953 ;    ;    ; 33.953 ;
+------------+-------------+--------+----+----+--------+


+------------------------------------------------------+
; Minimum Propagation Delay                            ;
+------------+-------------+--------+----+----+--------+
; Input Port ; Output Port ; RR     ; RF ; FR ; FF     ;
+------------+-------------+--------+----+----+--------+
; ADC_L1[0]  ; ERR[0]      ; 21.010 ;    ;    ; 21.010 ;
; ADC_L1[0]  ; ERR[1]      ; 35.662 ;    ;    ; 35.662 ;
; ADC_L1[0]  ; ERR[2]      ; 35.724 ;    ;    ; 35.724 ;
; ADC_L1[0]  ; ERR[3]      ; 34.877 ;    ;    ; 34.877 ;
; ADC_L1[0]  ; ERR[4]      ; 34.339 ;    ;    ; 34.339 ;
; ADC_L1[0]  ; ERR[5]      ; 31.714 ;    ;    ; 31.714 ;
; ADC_L1[0]  ; ERR[6]      ; 35.034 ;    ;    ; 35.034 ;
; ADC_L1[0]  ; ERR[7]      ; 33.609 ;    ;    ; 33.609 ;
; ADC_L1[0]  ; ERR[8]      ; 37.016 ;    ;    ; 37.016 ;
; ADC_L1[0]  ; ROT[0]      ; 32.468 ;    ;    ; 32.468 ;
; ADC_L1[0]  ; ROT[1]      ; 30.569 ;    ;    ; 30.569 ;
; ADC_L1[0]  ; ROT[2]      ; 30.751 ;    ;    ; 30.751 ;
; ADC_L1[0]  ; ROT[3]      ; 32.243 ;    ;    ; 32.243 ;
; ADC_L1[0]  ; ROT[4]      ; 33.442 ;    ;    ; 33.442 ;
; ADC_L1[0]  ; ROT[5]      ; 31.417 ;    ;    ; 31.417 ;
; ADC_L1[0]  ; ROT[6]      ; 33.189 ;    ;    ; 33.189 ;
; ADC_L1[0]  ; ROT[7]      ; 33.152 ;    ;    ; 33.152 ;
; ADC_L1[1]  ; ERR[0]      ; 21.758 ;    ;    ; 21.758 ;
; ADC_L1[1]  ; ERR[1]      ; 37.490 ;    ;    ; 37.490 ;
; ADC_L1[1]  ; ERR[2]      ; 37.552 ;    ;    ; 37.552 ;
; ADC_L1[1]  ; ERR[3]      ; 36.705 ;    ;    ; 36.705 ;
; ADC_L1[1]  ; ERR[4]      ; 36.167 ;    ;    ; 36.167 ;
; ADC_L1[1]  ; ERR[5]      ; 33.542 ;    ;    ; 33.542 ;
; ADC_L1[1]  ; ERR[6]      ; 36.862 ;    ;    ; 36.862 ;
; ADC_L1[1]  ; ERR[7]      ; 35.437 ;    ;    ; 35.437 ;
; ADC_L1[1]  ; ERR[8]      ; 38.844 ;    ;    ; 38.844 ;
; ADC_L1[1]  ; ROT[0]      ; 35.017 ;    ;    ; 35.017 ;
; ADC_L1[1]  ; ROT[1]      ; 33.118 ;    ;    ; 33.118 ;
; ADC_L1[1]  ; ROT[2]      ; 32.151 ;    ;    ; 32.151 ;
; ADC_L1[1]  ; ROT[3]      ; 34.723 ;    ;    ; 34.723 ;
; ADC_L1[1]  ; ROT[4]      ; 35.922 ;    ;    ; 35.922 ;
; ADC_L1[1]  ; ROT[5]      ; 32.342 ;    ;    ; 32.342 ;
; ADC_L1[1]  ; ROT[6]      ; 33.876 ;    ;    ; 33.876 ;
; ADC_L1[1]  ; ROT[7]      ; 32.601 ;    ;    ; 32.601 ;
; ADC_L1[2]  ; ERR[1]      ; 34.071 ;    ;    ; 34.071 ;
; ADC_L1[2]  ; ERR[2]      ; 34.216 ;    ;    ; 34.216 ;
; ADC_L1[2]  ; ERR[3]      ; 33.286 ;    ;    ; 33.286 ;
; ADC_L1[2]  ; ERR[4]      ; 33.186 ;    ;    ; 33.186 ;
; ADC_L1[2]  ; ERR[5]      ; 30.123 ;    ;    ; 30.123 ;
; ADC_L1[2]  ; ERR[6]      ; 34.270 ;    ;    ; 34.270 ;
; ADC_L1[2]  ; ERR[7]      ; 32.845 ;    ;    ; 32.845 ;
; ADC_L1[2]  ; ERR[8]      ; 35.609 ;    ;    ; 35.609 ;
; ADC_L1[2]  ; ROT[0]      ; 34.826 ;    ;    ; 34.826 ;
; ADC_L1[2]  ; ROT[1]      ; 32.927 ;    ;    ; 32.927 ;
; ADC_L1[2]  ; ROT[2]      ; 31.960 ;    ;    ; 31.960 ;
; ADC_L1[2]  ; ROT[3]      ; 34.532 ;    ;    ; 34.532 ;
; ADC_L1[2]  ; ROT[4]      ; 35.731 ;    ;    ; 35.731 ;
; ADC_L1[2]  ; ROT[5]      ; 32.151 ;    ;    ; 32.151 ;
; ADC_L1[2]  ; ROT[6]      ; 33.685 ;    ;    ; 33.685 ;
; ADC_L1[2]  ; ROT[7]      ; 32.410 ;    ;    ; 32.410 ;
; ADC_L1[3]  ; ERR[2]      ; 34.246 ;    ;    ; 34.246 ;
; ADC_L1[3]  ; ERR[3]      ; 34.396 ;    ;    ; 34.396 ;
; ADC_L1[3]  ; ERR[4]      ; 33.941 ;    ;    ; 33.941 ;
; ADC_L1[3]  ; ERR[5]      ; 31.233 ;    ;    ; 31.233 ;
; ADC_L1[3]  ; ERR[6]      ; 34.636 ;    ;    ; 34.636 ;
; ADC_L1[3]  ; ERR[7]      ; 33.211 ;    ;    ; 33.211 ;
; ADC_L1[3]  ; ERR[8]      ; 36.618 ;    ;    ; 36.618 ;
; ADC_L1[3]  ; ROT[0]      ; 35.165 ;    ;    ; 35.165 ;
; ADC_L1[3]  ; ROT[1]      ; 33.266 ;    ;    ; 33.266 ;
; ADC_L1[3]  ; ROT[2]      ; 31.219 ;    ;    ; 31.219 ;
; ADC_L1[3]  ; ROT[3]      ; 33.791 ;    ;    ; 33.791 ;
; ADC_L1[3]  ; ROT[4]      ; 34.990 ;    ;    ; 34.990 ;
; ADC_L1[3]  ; ROT[5]      ; 32.490 ;    ;    ; 32.490 ;
; ADC_L1[3]  ; ROT[6]      ; 34.024 ;    ;    ; 34.024 ;
; ADC_L1[3]  ; ROT[7]      ; 32.749 ;    ;    ; 32.749 ;
; ADC_L1[4]  ; ERR[3]      ; 39.889 ;    ;    ; 39.889 ;
; ADC_L1[4]  ; ERR[4]      ; 37.502 ;    ;    ; 37.502 ;
; ADC_L1[4]  ; ERR[5]      ; 35.076 ;    ;    ; 35.076 ;
; ADC_L1[4]  ; ERR[6]      ; 38.197 ;    ;    ; 38.197 ;
; ADC_L1[4]  ; ERR[7]      ; 36.772 ;    ;    ; 36.772 ;
; ADC_L1[4]  ; ERR[8]      ; 40.179 ;    ;    ; 40.179 ;
; ADC_L1[4]  ; ROT[0]      ; 42.357 ;    ;    ; 42.357 ;
; ADC_L1[4]  ; ROT[1]      ; 40.458 ;    ;    ; 40.458 ;
; ADC_L1[4]  ; ROT[2]      ; 40.640 ;    ;    ; 40.640 ;
; ADC_L1[4]  ; ROT[3]      ; 42.132 ;    ;    ; 42.132 ;
; ADC_L1[4]  ; ROT[4]      ; 43.331 ;    ;    ; 43.331 ;
; ADC_L1[4]  ; ROT[5]      ; 39.682 ;    ;    ; 39.682 ;
; ADC_L1[4]  ; ROT[6]      ; 41.216 ;    ;    ; 41.216 ;
; ADC_L1[4]  ; ROT[7]      ; 39.941 ;    ;    ; 39.941 ;
; ADC_L1[5]  ; ERR[4]      ; 33.915 ;    ;    ; 33.915 ;
; ADC_L1[5]  ; ERR[5]      ; 31.679 ;    ;    ; 31.679 ;
; ADC_L1[5]  ; ERR[6]      ; 35.898 ;    ;    ; 35.898 ;
; ADC_L1[5]  ; ERR[7]      ; 34.697 ;    ;    ; 34.697 ;
; ADC_L1[5]  ; ERR[8]      ; 37.165 ;    ;    ; 37.165 ;
; ADC_L1[5]  ; ROT[0]      ; 36.191 ;    ;    ; 36.191 ;
; ADC_L1[5]  ; ROT[1]      ; 34.292 ;    ;    ; 34.292 ;
; ADC_L1[5]  ; ROT[2]      ; 34.474 ;    ;    ; 34.474 ;
; ADC_L1[5]  ; ROT[3]      ; 35.966 ;    ;    ; 35.966 ;
; ADC_L1[5]  ; ROT[4]      ; 37.165 ;    ;    ; 37.165 ;
; ADC_L1[5]  ; ROT[5]      ; 33.228 ;    ;    ; 33.228 ;
; ADC_L1[5]  ; ROT[6]      ; 34.906 ;    ;    ; 34.906 ;
; ADC_L1[5]  ; ROT[7]      ; 33.775 ;    ;    ; 33.775 ;
; ADC_L1[6]  ; ERR[5]      ; 29.445 ;    ;    ; 29.445 ;
; ADC_L1[6]  ; ERR[6]      ; 33.537 ;    ;    ; 33.537 ;
; ADC_L1[6]  ; ERR[7]      ; 32.256 ;    ;    ; 32.256 ;
; ADC_L1[6]  ; ERR[8]      ; 35.663 ;    ;    ; 35.663 ;
; ADC_L1[6]  ; ROT[0]      ; 34.760 ;    ;    ; 34.760 ;
; ADC_L1[6]  ; ROT[1]      ; 32.861 ;    ;    ; 32.861 ;
; ADC_L1[6]  ; ROT[2]      ; 33.043 ;    ;    ; 33.043 ;
; ADC_L1[6]  ; ROT[3]      ; 34.535 ;    ;    ; 34.535 ;
; ADC_L1[6]  ; ROT[4]      ; 35.734 ;    ;    ; 35.734 ;
; ADC_L1[6]  ; ROT[5]      ; 30.717 ;    ;    ; 30.717 ;
; ADC_L1[6]  ; ROT[6]      ; 33.475 ;    ;    ; 33.475 ;
; ADC_L1[6]  ; ROT[7]      ; 32.344 ;    ;    ; 32.344 ;
; ADC_L1[7]  ; ERR[6]      ; 32.845 ;    ;    ; 32.845 ;
; ADC_L1[7]  ; ERR[7]      ; 32.644 ;    ;    ; 32.644 ;
; ADC_L1[7]  ; ERR[8]      ; 35.480 ;    ;    ; 35.480 ;
; ADC_L1[7]  ; ROT[0]      ; 34.229 ;    ;    ; 34.229 ;
; ADC_L1[7]  ; ROT[1]      ; 32.330 ;    ;    ; 32.330 ;
; ADC_L1[7]  ; ROT[2]      ; 32.512 ;    ;    ; 32.512 ;
; ADC_L1[7]  ; ROT[3]      ; 34.004 ;    ;    ; 34.004 ;
; ADC_L1[7]  ; ROT[4]      ; 35.203 ;    ;    ; 35.203 ;
; ADC_L1[7]  ; ROT[5]      ; 33.178 ;    ;    ; 33.178 ;
; ADC_L1[7]  ; ROT[6]      ; 32.117 ;    ;    ; 32.117 ;
; ADC_L1[7]  ; ROT[7]      ; 31.813 ;    ;    ; 31.813 ;
; ADC_L2[0]  ; ERR[0]      ; 22.284 ;    ;    ; 22.284 ;
; ADC_L2[0]  ; ERR[1]      ; 36.936 ;    ;    ; 36.936 ;
; ADC_L2[0]  ; ERR[2]      ; 36.998 ;    ;    ; 36.998 ;
; ADC_L2[0]  ; ERR[3]      ; 36.151 ;    ;    ; 36.151 ;
; ADC_L2[0]  ; ERR[4]      ; 35.613 ;    ;    ; 35.613 ;
; ADC_L2[0]  ; ERR[5]      ; 32.988 ;    ;    ; 32.988 ;
; ADC_L2[0]  ; ERR[6]      ; 36.308 ;    ;    ; 36.308 ;
; ADC_L2[0]  ; ERR[7]      ; 34.883 ;    ;    ; 34.883 ;
; ADC_L2[0]  ; ERR[8]      ; 38.290 ;    ;    ; 38.290 ;
; ADC_L2[0]  ; ROT[0]      ; 34.061 ;    ;    ; 34.061 ;
; ADC_L2[0]  ; ROT[1]      ; 32.162 ;    ;    ; 32.162 ;
; ADC_L2[0]  ; ROT[2]      ; 32.344 ;    ;    ; 32.344 ;
; ADC_L2[0]  ; ROT[3]      ; 33.836 ;    ;    ; 33.836 ;
; ADC_L2[0]  ; ROT[4]      ; 35.035 ;    ;    ; 35.035 ;
; ADC_L2[0]  ; ROT[5]      ; 33.010 ;    ;    ; 33.010 ;
; ADC_L2[0]  ; ROT[6]      ; 34.782 ;    ;    ; 34.782 ;
; ADC_L2[0]  ; ROT[7]      ; 34.492 ;    ;    ; 34.492 ;
; ADC_L2[1]  ; ERR[0]      ; 19.568 ;    ;    ; 19.568 ;
; ADC_L2[1]  ; ERR[1]      ; 35.047 ;    ;    ; 35.047 ;
; ADC_L2[1]  ; ERR[2]      ; 35.109 ;    ;    ; 35.109 ;
; ADC_L2[1]  ; ERR[3]      ; 34.262 ;    ;    ; 34.262 ;
; ADC_L2[1]  ; ERR[4]      ; 33.724 ;    ;    ; 33.724 ;
; ADC_L2[1]  ; ERR[5]      ; 31.099 ;    ;    ; 31.099 ;
; ADC_L2[1]  ; ERR[6]      ; 34.419 ;    ;    ; 34.419 ;
; ADC_L2[1]  ; ERR[7]      ; 32.994 ;    ;    ; 32.994 ;
; ADC_L2[1]  ; ERR[8]      ; 36.401 ;    ;    ; 36.401 ;
; ADC_L2[1]  ; ROT[0]      ; 35.416 ;    ;    ; 35.416 ;
; ADC_L2[1]  ; ROT[1]      ; 33.517 ;    ;    ; 33.517 ;
; ADC_L2[1]  ; ROT[2]      ; 32.550 ;    ;    ; 32.550 ;
; ADC_L2[1]  ; ROT[3]      ; 35.122 ;    ;    ; 35.122 ;
; ADC_L2[1]  ; ROT[4]      ; 36.321 ;    ;    ; 36.321 ;
; ADC_L2[1]  ; ROT[5]      ; 32.741 ;    ;    ; 32.741 ;
; ADC_L2[1]  ; ROT[6]      ; 34.275 ;    ;    ; 34.275 ;
; ADC_L2[1]  ; ROT[7]      ; 33.000 ;    ;    ; 33.000 ;
; ADC_L2[2]  ; ERR[1]      ; 37.728 ;    ;    ; 37.728 ;
; ADC_L2[2]  ; ERR[2]      ; 37.873 ;    ;    ; 37.873 ;
; ADC_L2[2]  ; ERR[3]      ; 36.943 ;    ;    ; 36.943 ;
; ADC_L2[2]  ; ERR[4]      ; 36.843 ;    ;    ; 36.843 ;
; ADC_L2[2]  ; ERR[5]      ; 33.780 ;    ;    ; 33.780 ;
; ADC_L2[2]  ; ERR[6]      ; 37.999 ;    ;    ; 37.999 ;
; ADC_L2[2]  ; ERR[7]      ; 36.755 ;    ;    ; 36.755 ;
; ADC_L2[2]  ; ERR[8]      ; 39.266 ;    ;    ; 39.266 ;
; ADC_L2[2]  ; ROT[0]      ; 36.779 ;    ;    ; 36.779 ;
; ADC_L2[2]  ; ROT[1]      ; 34.880 ;    ;    ; 34.880 ;
; ADC_L2[2]  ; ROT[2]      ; 33.913 ;    ;    ; 33.913 ;
; ADC_L2[2]  ; ROT[3]      ; 36.485 ;    ;    ; 36.485 ;
; ADC_L2[2]  ; ROT[4]      ; 37.684 ;    ;    ; 37.684 ;
; ADC_L2[2]  ; ROT[5]      ; 34.104 ;    ;    ; 34.104 ;
; ADC_L2[2]  ; ROT[6]      ; 35.638 ;    ;    ; 35.638 ;
; ADC_L2[2]  ; ROT[7]      ; 34.363 ;    ;    ; 34.363 ;
; ADC_L2[3]  ; ERR[2]      ; 39.453 ;    ;    ; 39.453 ;
; ADC_L2[3]  ; ERR[3]      ; 39.603 ;    ;    ; 39.603 ;
; ADC_L2[3]  ; ERR[4]      ; 38.895 ;    ;    ; 38.895 ;
; ADC_L2[3]  ; ERR[5]      ; 36.440 ;    ;    ; 36.440 ;
; ADC_L2[3]  ; ERR[6]      ; 39.590 ;    ;    ; 39.590 ;
; ADC_L2[3]  ; ERR[7]      ; 38.165 ;    ;    ; 38.165 ;
; ADC_L2[3]  ; ERR[8]      ; 41.572 ;    ;    ; 41.572 ;
; ADC_L2[3]  ; ROT[0]      ; 40.042 ;    ;    ; 40.042 ;
; ADC_L2[3]  ; ROT[1]      ; 38.143 ;    ;    ; 38.143 ;
; ADC_L2[3]  ; ROT[2]      ; 36.349 ;    ;    ; 36.349 ;
; ADC_L2[3]  ; ROT[3]      ; 38.921 ;    ;    ; 38.921 ;
; ADC_L2[3]  ; ROT[4]      ; 40.120 ;    ;    ; 40.120 ;
; ADC_L2[3]  ; ROT[5]      ; 37.367 ;    ;    ; 37.367 ;
; ADC_L2[3]  ; ROT[6]      ; 38.901 ;    ;    ; 38.901 ;
; ADC_L2[3]  ; ROT[7]      ; 37.626 ;    ;    ; 37.626 ;
; ADC_L2[4]  ; ERR[3]      ; 39.913 ;    ;    ; 39.913 ;
; ADC_L2[4]  ; ERR[4]      ; 37.540 ;    ;    ; 37.540 ;
; ADC_L2[4]  ; ERR[5]      ; 35.114 ;    ;    ; 35.114 ;
; ADC_L2[4]  ; ERR[6]      ; 38.235 ;    ;    ; 38.235 ;
; ADC_L2[4]  ; ERR[7]      ; 36.810 ;    ;    ; 36.810 ;
; ADC_L2[4]  ; ERR[8]      ; 40.217 ;    ;    ; 40.217 ;
; ADC_L2[4]  ; ROT[0]      ; 36.810 ;    ;    ; 36.810 ;
; ADC_L2[4]  ; ROT[1]      ; 34.911 ;    ;    ; 34.911 ;
; ADC_L2[4]  ; ROT[2]      ; 35.093 ;    ;    ; 35.093 ;
; ADC_L2[4]  ; ROT[3]      ; 36.583 ;    ;    ; 36.583 ;
; ADC_L2[4]  ; ROT[4]      ; 37.784 ;    ;    ; 37.784 ;
; ADC_L2[4]  ; ROT[5]      ; 34.135 ;    ;    ; 34.135 ;
; ADC_L2[4]  ; ROT[6]      ; 35.669 ;    ;    ; 35.669 ;
; ADC_L2[4]  ; ROT[7]      ; 34.394 ;    ;    ; 34.394 ;
; ADC_L2[5]  ; ERR[4]      ; 31.883 ;    ;    ; 31.883 ;
; ADC_L2[5]  ; ERR[5]      ; 29.647 ;    ;    ; 29.647 ;
; ADC_L2[5]  ; ERR[6]      ; 33.693 ;    ;    ; 33.693 ;
; ADC_L2[5]  ; ERR[7]      ; 32.412 ;    ;    ; 32.412 ;
; ADC_L2[5]  ; ERR[8]      ; 35.133 ;    ;    ; 35.133 ;
; ADC_L2[5]  ; ROT[0]      ; 34.862 ;    ;    ; 34.862 ;
; ADC_L2[5]  ; ROT[1]      ; 32.963 ;    ;    ; 32.963 ;
; ADC_L2[5]  ; ROT[2]      ; 33.145 ;    ;    ; 33.145 ;
; ADC_L2[5]  ; ROT[3]      ; 34.637 ;    ;    ; 34.637 ;
; ADC_L2[5]  ; ROT[4]      ; 35.836 ;    ;    ; 35.836 ;
; ADC_L2[5]  ; ROT[5]      ; 31.899 ;    ;    ; 31.899 ;
; ADC_L2[5]  ; ROT[6]      ; 33.577 ;    ;    ; 33.577 ;
; ADC_L2[5]  ; ROT[7]      ; 32.446 ;    ;    ; 32.446 ;
; ADC_L2[6]  ; ERR[5]      ; 29.721 ;    ;    ; 29.721 ;
; ADC_L2[6]  ; ERR[6]      ; 34.066 ;    ;    ; 34.066 ;
; ADC_L2[6]  ; ERR[7]      ; 32.785 ;    ;    ; 32.785 ;
; ADC_L2[6]  ; ERR[8]      ; 36.192 ;    ;    ; 36.192 ;
; ADC_L2[6]  ; ROT[0]      ; 34.269 ;    ;    ; 34.269 ;
; ADC_L2[6]  ; ROT[1]      ; 32.370 ;    ;    ; 32.370 ;
; ADC_L2[6]  ; ROT[2]      ; 32.552 ;    ;    ; 32.552 ;
; ADC_L2[6]  ; ROT[3]      ; 34.044 ;    ;    ; 34.044 ;
; ADC_L2[6]  ; ROT[4]      ; 35.243 ;    ;    ; 35.243 ;
; ADC_L2[6]  ; ROT[5]      ; 30.479 ;    ;    ; 30.479 ;
; ADC_L2[6]  ; ROT[6]      ; 32.984 ;    ;    ; 32.984 ;
; ADC_L2[6]  ; ROT[7]      ; 31.853 ;    ;    ; 31.853 ;
; ADC_L2[7]  ; ERR[6]      ; 32.646 ;    ;    ; 32.646 ;
; ADC_L2[7]  ; ERR[7]      ; 32.192 ;    ;    ; 32.192 ;
; ADC_L2[7]  ; ERR[8]      ; 35.281 ;    ;    ; 35.281 ;
; ADC_L2[7]  ; ROT[0]      ; 34.637 ;    ;    ; 34.637 ;
; ADC_L2[7]  ; ROT[1]      ; 32.738 ;    ;    ; 32.738 ;
; ADC_L2[7]  ; ROT[2]      ; 32.920 ;    ;    ; 32.920 ;
; ADC_L2[7]  ; ROT[3]      ; 34.412 ;    ;    ; 34.412 ;
; ADC_L2[7]  ; ROT[4]      ; 35.611 ;    ;    ; 35.611 ;
; ADC_L2[7]  ; ROT[5]      ; 33.586 ;    ;    ; 33.586 ;
; ADC_L2[7]  ; ROT[6]      ; 32.272 ;    ;    ; 32.272 ;
; ADC_L2[7]  ; ROT[7]      ; 32.221 ;    ;    ; 32.221 ;
; ADC_R1[0]  ; ERR[0]      ; 27.116 ;    ;    ; 27.116 ;
; ADC_R1[0]  ; ERR[1]      ; 34.757 ;    ;    ; 34.757 ;
; ADC_R1[0]  ; ERR[2]      ; 29.396 ;    ;    ; 29.396 ;
; ADC_R1[0]  ; ERR[3]      ; 36.719 ;    ;    ; 36.719 ;
; ADC_R1[0]  ; ERR[4]      ; 31.755 ;    ;    ; 31.755 ;
; ADC_R1[0]  ; ERR[5]      ; 35.239 ;    ;    ; 35.239 ;
; ADC_R1[0]  ; ERR[6]      ; 31.330 ;    ;    ; 31.330 ;
; ADC_R1[0]  ; ERR[7]      ; 31.428 ;    ;    ; 31.428 ;
; ADC_R1[0]  ; ERR[8]      ; 32.320 ;    ;    ; 32.320 ;
; ADC_R1[0]  ; ROT[0]      ; 33.065 ;    ;    ; 33.065 ;
; ADC_R1[0]  ; ROT[1]      ; 31.166 ;    ;    ; 31.166 ;
; ADC_R1[0]  ; ROT[2]      ; 31.348 ;    ;    ; 31.348 ;
; ADC_R1[0]  ; ROT[3]      ; 32.840 ;    ;    ; 32.840 ;
; ADC_R1[0]  ; ROT[4]      ; 34.039 ;    ;    ; 34.039 ;
; ADC_R1[0]  ; ROT[5]      ; 30.860 ;    ;    ; 30.860 ;
; ADC_R1[0]  ; ROT[6]      ; 33.786 ;    ;    ; 33.786 ;
; ADC_R1[0]  ; ROT[7]      ; 30.762 ;    ;    ; 30.762 ;
; ADC_R1[1]  ; ERR[0]      ; 29.299 ;    ;    ; 29.299 ;
; ADC_R1[1]  ; ERR[1]      ; 37.767 ;    ;    ; 37.767 ;
; ADC_R1[1]  ; ERR[2]      ; 32.406 ;    ;    ; 32.406 ;
; ADC_R1[1]  ; ERR[3]      ; 39.729 ;    ;    ; 39.729 ;
; ADC_R1[1]  ; ERR[4]      ; 34.765 ;    ;    ; 34.765 ;
; ADC_R1[1]  ; ERR[5]      ; 38.249 ;    ;    ; 38.249 ;
; ADC_R1[1]  ; ERR[6]      ; 34.340 ;    ;    ; 34.340 ;
; ADC_R1[1]  ; ERR[7]      ; 34.438 ;    ;    ; 34.438 ;
; ADC_R1[1]  ; ERR[8]      ; 35.330 ;    ;    ; 35.330 ;
; ADC_R1[1]  ; ROT[0]      ; 36.116 ;    ;    ; 36.116 ;
; ADC_R1[1]  ; ROT[1]      ; 34.217 ;    ;    ; 34.217 ;
; ADC_R1[1]  ; ROT[2]      ; 34.399 ;    ;    ; 34.399 ;
; ADC_R1[1]  ; ROT[3]      ; 35.891 ;    ;    ; 35.891 ;
; ADC_R1[1]  ; ROT[4]      ; 37.090 ;    ;    ; 37.090 ;
; ADC_R1[1]  ; ROT[5]      ; 33.798 ;    ;    ; 33.798 ;
; ADC_R1[1]  ; ROT[6]      ; 36.794 ;    ;    ; 36.794 ;
; ADC_R1[1]  ; ROT[7]      ; 33.700 ;    ;    ; 33.700 ;
; ADC_R1[2]  ; ERR[1]      ; 35.375 ;    ;    ; 35.375 ;
; ADC_R1[2]  ; ERR[2]      ; 30.628 ;    ;    ; 30.628 ;
; ADC_R1[2]  ; ERR[3]      ; 38.171 ;    ;    ; 38.171 ;
; ADC_R1[2]  ; ERR[4]      ; 32.735 ;    ;    ; 32.735 ;
; ADC_R1[2]  ; ERR[5]      ; 36.193 ;    ;    ; 36.193 ;
; ADC_R1[2]  ; ERR[6]      ; 32.796 ;    ;    ; 32.796 ;
; ADC_R1[2]  ; ERR[7]      ; 33.126 ;    ;    ; 33.126 ;
; ADC_R1[2]  ; ERR[8]      ; 33.056 ;    ;    ; 33.056 ;
; ADC_R1[2]  ; ROT[0]      ; 32.528 ;    ;    ; 32.528 ;
; ADC_R1[2]  ; ROT[1]      ; 30.629 ;    ;    ; 30.629 ;
; ADC_R1[2]  ; ROT[2]      ; 30.811 ;    ;    ; 30.811 ;
; ADC_R1[2]  ; ROT[3]      ; 32.303 ;    ;    ; 32.303 ;
; ADC_R1[2]  ; ROT[4]      ; 33.502 ;    ;    ; 33.502 ;
; ADC_R1[2]  ; ROT[5]      ; 30.210 ;    ;    ; 30.210 ;
; ADC_R1[2]  ; ROT[6]      ; 33.206 ;    ;    ; 33.206 ;
; ADC_R1[2]  ; ROT[7]      ; 30.112 ;    ;    ; 30.112 ;
; ADC_R1[3]  ; ERR[2]      ; 29.078 ;    ;    ; 29.078 ;
; ADC_R1[3]  ; ERR[3]      ; 37.481 ;    ;    ; 37.481 ;
; ADC_R1[3]  ; ERR[4]      ; 32.265 ;    ;    ; 32.265 ;
; ADC_R1[3]  ; ERR[5]      ; 35.723 ;    ;    ; 35.723 ;
; ADC_R1[3]  ; ERR[6]      ; 32.092 ;    ;    ; 32.092 ;
; ADC_R1[3]  ; ERR[7]      ; 32.190 ;    ;    ; 32.190 ;
; ADC_R1[3]  ; ERR[8]      ; 32.586 ;    ;    ; 32.586 ;
; ADC_R1[3]  ; ROT[0]      ; 34.076 ;    ;    ; 34.076 ;
; ADC_R1[3]  ; ROT[1]      ; 32.177 ;    ;    ; 32.177 ;
; ADC_R1[3]  ; ROT[2]      ; 32.359 ;    ;    ; 32.359 ;
; ADC_R1[3]  ; ROT[3]      ; 33.851 ;    ;    ; 33.851 ;
; ADC_R1[3]  ; ROT[4]      ; 35.050 ;    ;    ; 35.050 ;
; ADC_R1[3]  ; ROT[5]      ; 31.758 ;    ;    ; 31.758 ;
; ADC_R1[3]  ; ROT[6]      ; 34.754 ;    ;    ; 34.754 ;
; ADC_R1[3]  ; ROT[7]      ; 31.660 ;    ;    ; 31.660 ;
; ADC_R1[4]  ; ERR[3]      ; 34.170 ;    ;    ; 34.170 ;
; ADC_R1[4]  ; ERR[4]      ; 29.561 ;    ;    ; 29.561 ;
; ADC_R1[4]  ; ERR[5]      ; 33.019 ;    ;    ; 33.019 ;
; ADC_R1[4]  ; ERR[6]      ; 29.622 ;    ;    ; 29.622 ;
; ADC_R1[4]  ; ERR[7]      ; 29.961 ;    ;    ; 29.961 ;
; ADC_R1[4]  ; ERR[8]      ; 29.882 ;    ;    ; 29.882 ;
; ADC_R1[4]  ; ROT[0]      ; 31.703 ;    ;    ; 31.703 ;
; ADC_R1[4]  ; ROT[1]      ; 29.804 ;    ;    ; 29.804 ;
; ADC_R1[4]  ; ROT[2]      ; 29.986 ;    ;    ; 29.986 ;
; ADC_R1[4]  ; ROT[3]      ; 31.478 ;    ;    ; 31.478 ;
; ADC_R1[4]  ; ROT[4]      ; 32.677 ;    ;    ; 32.677 ;
; ADC_R1[4]  ; ROT[5]      ; 29.385 ;    ;    ; 29.385 ;
; ADC_R1[4]  ; ROT[6]      ; 32.381 ;    ;    ; 32.381 ;
; ADC_R1[4]  ; ROT[7]      ; 29.287 ;    ;    ; 29.287 ;
; ADC_R1[5]  ; ERR[4]      ; 29.526 ;    ;    ; 29.526 ;
; ADC_R1[5]  ; ERR[5]      ; 33.811 ;    ;    ; 33.811 ;
; ADC_R1[5]  ; ERR[6]      ; 30.414 ;    ;    ; 30.414 ;
; ADC_R1[5]  ; ERR[7]      ; 30.711 ;    ;    ; 30.711 ;
; ADC_R1[5]  ; ERR[8]      ; 30.674 ;    ;    ; 30.674 ;
; ADC_R1[5]  ; ROT[0]      ; 33.739 ;    ;    ; 33.739 ;
; ADC_R1[5]  ; ROT[1]      ; 31.840 ;    ;    ; 31.840 ;
; ADC_R1[5]  ; ROT[2]      ; 32.022 ;    ;    ; 32.022 ;
; ADC_R1[5]  ; ROT[3]      ; 33.514 ;    ;    ; 33.514 ;
; ADC_R1[5]  ; ROT[4]      ; 34.713 ;    ;    ; 34.713 ;
; ADC_R1[5]  ; ROT[5]      ; 31.133 ;    ;    ; 31.133 ;
; ADC_R1[5]  ; ROT[6]      ; 34.129 ;    ;    ; 34.129 ;
; ADC_R1[5]  ; ROT[7]      ; 31.323 ;    ;    ; 31.323 ;
; ADC_R1[6]  ; ERR[5]      ; 32.789 ;    ;    ; 32.789 ;
; ADC_R1[6]  ; ERR[6]      ; 29.851 ;    ;    ; 29.851 ;
; ADC_R1[6]  ; ERR[7]      ; 30.093 ;    ;    ; 30.093 ;
; ADC_R1[6]  ; ERR[8]      ; 30.795 ;    ;    ; 30.795 ;
; ADC_R1[6]  ; ROT[0]      ; 32.304 ;    ;    ; 32.304 ;
; ADC_R1[6]  ; ROT[1]      ; 30.405 ;    ;    ; 30.405 ;
; ADC_R1[6]  ; ROT[2]      ; 30.587 ;    ;    ; 30.587 ;
; ADC_R1[6]  ; ROT[3]      ; 32.079 ;    ;    ; 32.079 ;
; ADC_R1[6]  ; ROT[4]      ; 33.278 ;    ;    ; 33.278 ;
; ADC_R1[6]  ; ROT[5]      ; 28.618 ;    ;    ; 28.618 ;
; ADC_R1[6]  ; ROT[6]      ; 31.614 ;    ;    ; 31.614 ;
; ADC_R1[6]  ; ROT[7]      ; 29.888 ;    ;    ; 29.888 ;
; ADC_R1[7]  ; ERR[6]      ; 28.890 ;    ;    ; 28.890 ;
; ADC_R1[7]  ; ERR[7]      ; 29.959 ;    ;    ; 29.959 ;
; ADC_R1[7]  ; ERR[8]      ; 30.518 ;    ;    ; 30.518 ;
; ADC_R1[7]  ; ROT[0]      ; 34.029 ;    ;    ; 34.029 ;
; ADC_R1[7]  ; ROT[1]      ; 32.130 ;    ;    ; 32.130 ;
; ADC_R1[7]  ; ROT[2]      ; 32.312 ;    ;    ; 32.312 ;
; ADC_R1[7]  ; ROT[3]      ; 33.804 ;    ;    ; 33.804 ;
; ADC_R1[7]  ; ROT[4]      ; 35.003 ;    ;    ; 35.003 ;
; ADC_R1[7]  ; ROT[5]      ; 32.978 ;    ;    ; 32.978 ;
; ADC_R1[7]  ; ROT[6]      ; 34.427 ;    ;    ; 34.427 ;
; ADC_R1[7]  ; ROT[7]      ; 31.613 ;    ;    ; 31.613 ;
; ADC_R2[0]  ; ERR[0]      ; 28.485 ;    ;    ; 28.485 ;
; ADC_R2[0]  ; ERR[1]      ; 36.126 ;    ;    ; 36.126 ;
; ADC_R2[0]  ; ERR[2]      ; 30.765 ;    ;    ; 30.765 ;
; ADC_R2[0]  ; ERR[3]      ; 38.088 ;    ;    ; 38.088 ;
; ADC_R2[0]  ; ERR[4]      ; 33.124 ;    ;    ; 33.124 ;
; ADC_R2[0]  ; ERR[5]      ; 36.608 ;    ;    ; 36.608 ;
; ADC_R2[0]  ; ERR[6]      ; 32.699 ;    ;    ; 32.699 ;
; ADC_R2[0]  ; ERR[7]      ; 32.797 ;    ;    ; 32.797 ;
; ADC_R2[0]  ; ERR[8]      ; 33.689 ;    ;    ; 33.689 ;
; ADC_R2[0]  ; ROT[0]      ; 34.555 ;    ;    ; 34.555 ;
; ADC_R2[0]  ; ROT[1]      ; 32.656 ;    ;    ; 32.656 ;
; ADC_R2[0]  ; ROT[2]      ; 32.838 ;    ;    ; 32.838 ;
; ADC_R2[0]  ; ROT[3]      ; 34.330 ;    ;    ; 34.330 ;
; ADC_R2[0]  ; ROT[4]      ; 35.529 ;    ;    ; 35.529 ;
; ADC_R2[0]  ; ROT[5]      ; 32.237 ;    ;    ; 32.237 ;
; ADC_R2[0]  ; ROT[6]      ; 35.233 ;    ;    ; 35.233 ;
; ADC_R2[0]  ; ROT[7]      ; 32.139 ;    ;    ; 32.139 ;
; ADC_R2[1]  ; ERR[0]      ; 25.848 ;    ;    ; 25.848 ;
; ADC_R2[1]  ; ERR[1]      ; 34.569 ;    ;    ; 34.569 ;
; ADC_R2[1]  ; ERR[2]      ; 29.208 ;    ;    ; 29.208 ;
; ADC_R2[1]  ; ERR[3]      ; 36.531 ;    ;    ; 36.531 ;
; ADC_R2[1]  ; ERR[4]      ; 31.567 ;    ;    ; 31.567 ;
; ADC_R2[1]  ; ERR[5]      ; 35.051 ;    ;    ; 35.051 ;
; ADC_R2[1]  ; ERR[6]      ; 31.142 ;    ;    ; 31.142 ;
; ADC_R2[1]  ; ERR[7]      ; 31.240 ;    ;    ; 31.240 ;
; ADC_R2[1]  ; ERR[8]      ; 32.132 ;    ;    ; 32.132 ;
; ADC_R2[1]  ; ROT[0]      ; 34.616 ;    ;    ; 34.616 ;
; ADC_R2[1]  ; ROT[1]      ; 32.717 ;    ;    ; 32.717 ;
; ADC_R2[1]  ; ROT[2]      ; 32.899 ;    ;    ; 32.899 ;
; ADC_R2[1]  ; ROT[3]      ; 34.391 ;    ;    ; 34.391 ;
; ADC_R2[1]  ; ROT[4]      ; 35.590 ;    ;    ; 35.590 ;
; ADC_R2[1]  ; ROT[5]      ; 32.298 ;    ;    ; 32.298 ;
; ADC_R2[1]  ; ROT[6]      ; 35.294 ;    ;    ; 35.294 ;
; ADC_R2[1]  ; ROT[7]      ; 32.200 ;    ;    ; 32.200 ;
; ADC_R2[2]  ; ERR[1]      ; 33.218 ;    ;    ; 33.218 ;
; ADC_R2[2]  ; ERR[2]      ; 28.471 ;    ;    ; 28.471 ;
; ADC_R2[2]  ; ERR[3]      ; 36.007 ;    ;    ; 36.007 ;
; ADC_R2[2]  ; ERR[4]      ; 30.578 ;    ;    ; 30.578 ;
; ADC_R2[2]  ; ERR[5]      ; 34.036 ;    ;    ; 34.036 ;
; ADC_R2[2]  ; ERR[6]      ; 30.618 ;    ;    ; 30.618 ;
; ADC_R2[2]  ; ERR[7]      ; 30.716 ;    ;    ; 30.716 ;
; ADC_R2[2]  ; ERR[8]      ; 30.899 ;    ;    ; 30.899 ;
; ADC_R2[2]  ; ROT[0]      ; 33.065 ;    ;    ; 33.065 ;
; ADC_R2[2]  ; ROT[1]      ; 31.166 ;    ;    ; 31.166 ;
; ADC_R2[2]  ; ROT[2]      ; 31.348 ;    ;    ; 31.348 ;
; ADC_R2[2]  ; ROT[3]      ; 32.840 ;    ;    ; 32.840 ;
; ADC_R2[2]  ; ROT[4]      ; 34.039 ;    ;    ; 34.039 ;
; ADC_R2[2]  ; ROT[5]      ; 30.747 ;    ;    ; 30.747 ;
; ADC_R2[2]  ; ROT[6]      ; 33.743 ;    ;    ; 33.743 ;
; ADC_R2[2]  ; ROT[7]      ; 30.649 ;    ;    ; 30.649 ;
; ADC_R2[3]  ; ERR[2]      ; 31.314 ;    ;    ; 31.314 ;
; ADC_R2[3]  ; ERR[3]      ; 39.464 ;    ;    ; 39.464 ;
; ADC_R2[3]  ; ERR[4]      ; 34.500 ;    ;    ; 34.500 ;
; ADC_R2[3]  ; ERR[5]      ; 37.959 ;    ;    ; 37.959 ;
; ADC_R2[3]  ; ERR[6]      ; 34.075 ;    ;    ; 34.075 ;
; ADC_R2[3]  ; ERR[7]      ; 34.173 ;    ;    ; 34.173 ;
; ADC_R2[3]  ; ERR[8]      ; 34.822 ;    ;    ; 34.822 ;
; ADC_R2[3]  ; ROT[0]      ; 35.900 ;    ;    ; 35.900 ;
; ADC_R2[3]  ; ROT[1]      ; 34.001 ;    ;    ; 34.001 ;
; ADC_R2[3]  ; ROT[2]      ; 34.183 ;    ;    ; 34.183 ;
; ADC_R2[3]  ; ROT[3]      ; 35.675 ;    ;    ; 35.675 ;
; ADC_R2[3]  ; ROT[4]      ; 36.874 ;    ;    ; 36.874 ;
; ADC_R2[3]  ; ROT[5]      ; 33.582 ;    ;    ; 33.582 ;
; ADC_R2[3]  ; ROT[6]      ; 36.578 ;    ;    ; 36.578 ;
; ADC_R2[3]  ; ROT[7]      ; 33.484 ;    ;    ; 33.484 ;
; ADC_R2[4]  ; ERR[3]      ; 37.037 ;    ;    ; 37.037 ;
; ADC_R2[4]  ; ERR[4]      ; 32.428 ;    ;    ; 32.428 ;
; ADC_R2[4]  ; ERR[5]      ; 35.886 ;    ;    ; 35.886 ;
; ADC_R2[4]  ; ERR[6]      ; 32.489 ;    ;    ; 32.489 ;
; ADC_R2[4]  ; ERR[7]      ; 32.828 ;    ;    ; 32.828 ;
; ADC_R2[4]  ; ERR[8]      ; 32.749 ;    ;    ; 32.749 ;
; ADC_R2[4]  ; ROT[0]      ; 34.662 ;    ;    ; 34.662 ;
; ADC_R2[4]  ; ROT[1]      ; 32.763 ;    ;    ; 32.763 ;
; ADC_R2[4]  ; ROT[2]      ; 32.945 ;    ;    ; 32.945 ;
; ADC_R2[4]  ; ROT[3]      ; 34.437 ;    ;    ; 34.437 ;
; ADC_R2[4]  ; ROT[4]      ; 35.636 ;    ;    ; 35.636 ;
; ADC_R2[4]  ; ROT[5]      ; 32.344 ;    ;    ; 32.344 ;
; ADC_R2[4]  ; ROT[6]      ; 35.340 ;    ;    ; 35.340 ;
; ADC_R2[4]  ; ROT[7]      ; 32.246 ;    ;    ; 32.246 ;
; ADC_R2[5]  ; ERR[4]      ; 31.426 ;    ;    ; 31.426 ;
; ADC_R2[5]  ; ERR[5]      ; 35.711 ;    ;    ; 35.711 ;
; ADC_R2[5]  ; ERR[6]      ; 32.116 ;    ;    ; 32.116 ;
; ADC_R2[5]  ; ERR[7]      ; 32.358 ;    ;    ; 32.358 ;
; ADC_R2[5]  ; ERR[8]      ; 32.574 ;    ;    ; 32.574 ;
; ADC_R2[5]  ; ROT[0]      ; 32.383 ;    ;    ; 32.383 ;
; ADC_R2[5]  ; ROT[1]      ; 30.484 ;    ;    ; 30.484 ;
; ADC_R2[5]  ; ROT[2]      ; 30.666 ;    ;    ; 30.666 ;
; ADC_R2[5]  ; ROT[3]      ; 32.158 ;    ;    ; 32.158 ;
; ADC_R2[5]  ; ROT[4]      ; 33.357 ;    ;    ; 33.357 ;
; ADC_R2[5]  ; ROT[5]      ; 29.777 ;    ;    ; 29.777 ;
; ADC_R2[5]  ; ROT[6]      ; 32.773 ;    ;    ; 32.773 ;
; ADC_R2[5]  ; ROT[7]      ; 29.967 ;    ;    ; 29.967 ;
; ADC_R2[6]  ; ERR[5]      ; 36.913 ;    ;    ; 36.913 ;
; ADC_R2[6]  ; ERR[6]      ; 34.228 ;    ;    ; 34.228 ;
; ADC_R2[6]  ; ERR[7]      ; 34.470 ;    ;    ; 34.470 ;
; ADC_R2[6]  ; ERR[8]      ; 34.919 ;    ;    ; 34.919 ;
; ADC_R2[6]  ; ROT[0]      ; 35.763 ;    ;    ; 35.763 ;
; ADC_R2[6]  ; ROT[1]      ; 33.864 ;    ;    ; 33.864 ;
; ADC_R2[6]  ; ROT[2]      ; 34.046 ;    ;    ; 34.046 ;
; ADC_R2[6]  ; ROT[3]      ; 35.538 ;    ;    ; 35.538 ;
; ADC_R2[6]  ; ROT[4]      ; 36.737 ;    ;    ; 36.737 ;
; ADC_R2[6]  ; ROT[5]      ; 32.330 ;    ;    ; 32.330 ;
; ADC_R2[6]  ; ROT[6]      ; 35.326 ;    ;    ; 35.326 ;
; ADC_R2[6]  ; ROT[7]      ; 33.347 ;    ;    ; 33.347 ;
; ADC_R2[7]  ; ERR[6]      ; 29.082 ;    ;    ; 29.082 ;
; ADC_R2[7]  ; ERR[7]      ; 30.404 ;    ;    ; 30.404 ;
; ADC_R2[7]  ; ERR[8]      ; 30.710 ;    ;    ; 30.710 ;
; ADC_R2[7]  ; ROT[0]      ; 31.662 ;    ;    ; 31.662 ;
; ADC_R2[7]  ; ROT[1]      ; 29.763 ;    ;    ; 29.763 ;
; ADC_R2[7]  ; ROT[2]      ; 29.945 ;    ;    ; 29.945 ;
; ADC_R2[7]  ; ROT[3]      ; 31.437 ;    ;    ; 31.437 ;
; ADC_R2[7]  ; ROT[4]      ; 32.636 ;    ;    ; 32.636 ;
; ADC_R2[7]  ; ROT[5]      ; 30.611 ;    ;    ; 30.611 ;
; ADC_R2[7]  ; ROT[6]      ; 32.313 ;    ;    ; 32.313 ;
; ADC_R2[7]  ; ROT[7]      ; 29.246 ;    ;    ; 29.246 ;
; RGHT       ; ERR[0]      ; 21.366 ;    ;    ; 21.366 ;
; RGHT       ; ERR[1]      ; 19.488 ;    ;    ; 19.488 ;
; RGHT       ; ERR[2]      ; 17.531 ;    ;    ; 17.531 ;
; RGHT       ; ERR[3]      ; 24.986 ;    ;    ; 24.986 ;
; RGHT       ; ERR[4]      ; 17.965 ;    ;    ; 17.965 ;
; RGHT       ; ERR[5]      ; 20.887 ;    ;    ; 20.887 ;
; RGHT       ; ERR[6]      ; 20.202 ;    ;    ; 20.202 ;
; RGHT       ; ERR[7]      ; 16.514 ;    ;    ; 16.514 ;
; RGHT       ; ERR[8]      ; 23.223 ;    ;    ; 23.223 ;
; RGHT       ; ROT[0]      ; 28.009 ;    ;    ; 28.009 ;
; RGHT       ; ROT[1]      ; 26.711 ;    ;    ; 26.711 ;
; RGHT       ; ROT[2]      ; 27.022 ;    ;    ; 27.022 ;
; RGHT       ; ROT[3]      ; 27.094 ;    ;    ; 27.094 ;
; RGHT       ; ROT[4]      ; 29.436 ;    ;    ; 29.436 ;
; RGHT       ; ROT[5]      ; 27.293 ;    ;    ; 27.293 ;
; RGHT       ; ROT[6]      ; 28.876 ;    ;    ; 28.876 ;
; RGHT       ; ROT[7]      ; 26.323 ;    ;    ; 26.323 ;
+------------+-------------+--------+----+----+--------+


-------------------
; Clock Transfers ;
-------------------
Nothing to report.


---------------
; Report TCCS ;
---------------
No dedicated SERDES Transmitter circuitry present in device or used in design


---------------
; Report RSKM ;
---------------
No non-DPA dedicated SERDES Receiver circuitry present in device or used in design


+------------------------------------------------+
; Unconstrained Paths                            ;
+---------------------------------+-------+------+
; Property                        ; Setup ; Hold ;
+---------------------------------+-------+------+
; Illegal Clocks                  ; 0     ; 0    ;
; Unconstrained Clocks            ; 0     ; 0    ;
; Unconstrained Input Ports       ; 33    ; 33   ;
; Unconstrained Input Port Paths  ; 477   ; 477  ;
; Unconstrained Output Ports      ; 17    ; 17   ;
; Unconstrained Output Port Paths ; 477   ; 477  ;
+---------------------------------+-------+------+


+------------------------------------+
; TimeQuest Timing Analyzer Messages ;
+------------------------------------+
Info: *******************************************************************
Info: Running Quartus II 64-Bit TimeQuest Timing Analyzer
    Info: Version 13.1.0 Build 162 10/23/2013 SJ Web Edition
    Info: Processing started: Wed Mar 26 18:34:27 2014
Info: Command: quartus_sta ErrorCalculation -c ErrorCalculation
Info: qsta_default_script.tcl version: #1
Warning (20028): Parallel compilation is not licensed and has been disabled
Info (306004): Started post-fitting delay annotation
Info (306005): Delay annotation completed successfully
Critical Warning (332012): Synopsys Design Constraints File file not found: 'ErrorCalculation.sdc'. A Synopsys Design Constraints File is required by the TimeQuest Timing Analyzer to get proper timing constraints. Without it, the Compiler will not properly optimize the design.
Info (332142): No user constrained base clocks found in the design. Calling "derive_clocks -period 1.0"
Info (332096): The command derive_clocks did not find any clocks to derive.  No clocks were created or changed.
Warning (332068): No clocks defined in design.
Info: Found TIMEQUEST_REPORT_SCRIPT_INCLUDE_DEFAULT_ANALYSIS = ON
Info (332159): No clocks to report
Info (332140): No fmax paths to report
Info (332140): No Setup paths to report
Info (332140): No Hold paths to report
Info (332140): No Recovery paths to report
Info (332140): No Removal paths to report
Info (332140): No Minimum Pulse Width paths to report
Info (332001): The selected device family is not supported by the report_metastability command.
Info (332102): Design is not fully constrained for setup requirements
Info (332102): Design is not fully constrained for hold requirements
Info: Quartus II 64-Bit TimeQuest Timing Analyzer was successful. 0 errors, 3 warnings
    Info: Peak virtual memory: 541 megabytes
    Info: Processing ended: Wed Mar 26 18:34:29 2014
    Info: Elapsed time: 00:00:02
    Info: Total CPU time (on all processors): 00:00:02


