Analysis & Synthesis report for Stepper
Mon Mar 10 00:24:47 2014
Quartus II 64-Bit Version 13.1.0 Build 162 10/23/2013 SJ Web Edition


---------------------
; Table of Contents ;
---------------------
  1. Legal Notice
  2. Analysis & Synthesis Summary
  3. Analysis & Synthesis Settings
  4. Parallel Compilation
  5. Analysis & Synthesis Source Files Read
  6. Analysis & Synthesis Resource Usage Summary
  7. Analysis & Synthesis Resource Utilization by Entity
  8. Registers Removed During Synthesis
  9. Removed Registers Triggering Further Register Optimizations
 10. General Register Statistics
 11. Inverted Register Statistics
 12. Multiplexer Restructuring Statistics (Restructuring Performed)
 13. Parameter Settings for Inferred Entity Instance: UPDOWNcounterANDswitch:U2|lpm_mult:Mult0
 14. lpm_mult Parameter Settings by Entity Instance
 15. Analysis & Synthesis Messages



----------------
; Legal Notice ;
----------------
Copyright (C) 1991-2013 Altera Corporation
Your use of Altera Corporation's design tools, logic functions 
and other software and tools, and its AMPP partner logic 
functions, and any output files from any of the foregoing 
(including device programming or simulation files), and any 
associated documentation or information are expressly subject 
to the terms and conditions of the Altera Program License 
Subscription Agreement, Altera MegaCore Function License 
Agreement, or other applicable license agreement, including, 
without limitation, that your use is for the sole purpose of 
programming logic devices manufactured by Altera and sold by 
Altera or its authorized distributors.  Please refer to the 
applicable agreement for further details.



+--------------------------------------------------------------------------+
; Analysis & Synthesis Summary                                             ;
+-----------------------------+--------------------------------------------+
; Analysis & Synthesis Status ; Successful - Mon Mar 10 00:24:47 2014      ;
; Quartus II 64-Bit Version   ; 13.1.0 Build 162 10/23/2013 SJ Web Edition ;
; Revision Name               ; Stepper                                    ;
; Top-level Entity Name       ; AccelerationLimitedMotorController         ;
; Family                      ; MAX V                                      ;
; Total logic elements        ; 633                                        ;
; Total pins                  ; 23                                         ;
; Total virtual pins          ; 0                                          ;
; UFM blocks                  ; 0 / 1 ( 0 % )                              ;
+-----------------------------+--------------------------------------------+


+--------------------------------------------------------------------------------------------------------------------------------------+
; Analysis & Synthesis Settings                                                                                                        ;
+----------------------------------------------------------------------------+------------------------------------+--------------------+
; Option                                                                     ; Setting                            ; Default Value      ;
+----------------------------------------------------------------------------+------------------------------------+--------------------+
; Device                                                                     ; 5M1270ZT144A5                      ;                    ;
; Top-level entity name                                                      ; AccelerationLimitedMotorController ; Stepper            ;
; Family name                                                                ; MAX V                              ; Cyclone IV GX      ;
; Use smart compilation                                                      ; Off                                ; Off                ;
; Enable parallel Assembler and TimeQuest Timing Analyzer during compilation ; On                                 ; On                 ;
; Enable compact report table                                                ; Off                                ; Off                ;
; Restructure Multiplexers                                                   ; Auto                               ; Auto               ;
; Create Debugging Nodes for IP Cores                                        ; Off                                ; Off                ;
; Preserve fewer node names                                                  ; On                                 ; On                 ;
; Disable OpenCore Plus hardware evaluation                                  ; Off                                ; Off                ;
; Verilog Version                                                            ; Verilog_2001                       ; Verilog_2001       ;
; VHDL Version                                                               ; VHDL_1993                          ; VHDL_1993          ;
; State Machine Processing                                                   ; Auto                               ; Auto               ;
; Safe State Machine                                                         ; Off                                ; Off                ;
; Extract Verilog State Machines                                             ; On                                 ; On                 ;
; Extract VHDL State Machines                                                ; On                                 ; On                 ;
; Ignore Verilog initial constructs                                          ; Off                                ; Off                ;
; Iteration limit for constant Verilog loops                                 ; 5000                               ; 5000               ;
; Iteration limit for non-constant Verilog loops                             ; 250                                ; 250                ;
; Add Pass-Through Logic to Inferred RAMs                                    ; On                                 ; On                 ;
; Infer RAMs from Raw Logic                                                  ; On                                 ; On                 ;
; Parallel Synthesis                                                         ; On                                 ; On                 ;
; NOT Gate Push-Back                                                         ; On                                 ; On                 ;
; Power-Up Don't Care                                                        ; On                                 ; On                 ;
; Remove Redundant Logic Cells                                               ; Off                                ; Off                ;
; Remove Duplicate Registers                                                 ; On                                 ; On                 ;
; Ignore CARRY Buffers                                                       ; Off                                ; Off                ;
; Ignore CASCADE Buffers                                                     ; Off                                ; Off                ;
; Ignore GLOBAL Buffers                                                      ; Off                                ; Off                ;
; Ignore ROW GLOBAL Buffers                                                  ; Off                                ; Off                ;
; Ignore LCELL Buffers                                                       ; Off                                ; Off                ;
; Ignore SOFT Buffers                                                        ; On                                 ; On                 ;
; Limit AHDL Integers to 32 Bits                                             ; Off                                ; Off                ;
; Optimization Technique                                                     ; Balanced                           ; Balanced           ;
; Carry Chain Length                                                         ; 70                                 ; 70                 ;
; Auto Carry Chains                                                          ; On                                 ; On                 ;
; Auto Open-Drain Pins                                                       ; On                                 ; On                 ;
; Perform WYSIWYG Primitive Resynthesis                                      ; Off                                ; Off                ;
; Auto Shift Register Replacement                                            ; Auto                               ; Auto               ;
; Allow Shift Register Merging across Hierarchies                            ; Auto                               ; Auto               ;
; Auto Clock Enable Replacement                                              ; On                                 ; On                 ;
; Allow Synchronous Control Signals                                          ; On                                 ; On                 ;
; Force Use of Synchronous Clear Signals                                     ; Off                                ; Off                ;
; Auto Resource Sharing                                                      ; Off                                ; Off                ;
; Use LogicLock Constraints during Resource Balancing                        ; On                                 ; On                 ;
; Ignore translate_off and synthesis_off directives                          ; Off                                ; Off                ;
; Report Parameter Settings                                                  ; On                                 ; On                 ;
; Report Source Assignments                                                  ; On                                 ; On                 ;
; Report Connectivity Checks                                                 ; On                                 ; On                 ;
; Ignore Maximum Fan-Out Assignments                                         ; Off                                ; Off                ;
; Synchronization Register Chain Length                                      ; 2                                  ; 2                  ;
; PowerPlay Power Optimization                                               ; Normal compilation                 ; Normal compilation ;
; HDL message level                                                          ; Level2                             ; Level2             ;
; Suppress Register Optimization Related Messages                            ; Off                                ; Off                ;
; Number of Removed Registers Reported in Synthesis Report                   ; 5000                               ; 5000               ;
; Number of Swept Nodes Reported in Synthesis Report                         ; 5000                               ; 5000               ;
; Number of Inverted Registers Reported in Synthesis Report                  ; 100                                ; 100                ;
; Clock MUX Protection                                                       ; On                                 ; On                 ;
; Block Design Naming                                                        ; Auto                               ; Auto               ;
; Synthesis Effort                                                           ; Auto                               ; Auto               ;
; Shift Register Replacement - Allow Asynchronous Clear Signal               ; On                                 ; On                 ;
; Pre-Mapping Resynthesis Optimization                                       ; Off                                ; Off                ;
; Analysis & Synthesis Message Level                                         ; Medium                             ; Medium             ;
; Disable Register Merging Across Hierarchies                                ; Auto                               ; Auto               ;
; Synthesis Seed                                                             ; 1                                  ; 1                  ;
+----------------------------------------------------------------------------+------------------------------------+--------------------+


Parallel compilation was disabled, but you have multiple processors available. Enable parallel compilation to reduce compilation time.
+-------------------------------------+
; Parallel Compilation                ;
+----------------------------+--------+
; Processors                 ; Number ;
+----------------------------+--------+
; Number detected on machine ; 4      ;
; Maximum allowed            ; 1      ;
+----------------------------+--------+


+------------------------------------------------------------------------------------------------------------------------------------------------------------------------------------------+
; Analysis & Synthesis Source Files Read                                                                                                                                                   ;
+----------------------------------------+-----------------+------------------------------+--------------------------------------------------------------------------------------+---------+
; File Name with User-Entered Path       ; Used in Netlist ; File Type                    ; File Name with Absolute Path                                                         ; Library ;
+----------------------------------------+-----------------+------------------------------+--------------------------------------------------------------------------------------+---------+
; UPDOWNcounterANDswitch.vhd             ; yes             ; User VHDL File               ; /home/singularity/GIT/2D-Mapping-VHDL/Stepper/UPDOWNcounterANDswitch.vhd             ;         ;
; PWMcomparator.vhd                      ; yes             ; User VHDL File               ; /home/singularity/GIT/2D-Mapping-VHDL/Stepper/PWMcomparator.vhd                      ;         ;
; cosine.vhd                             ; yes             ; User VHDL File               ; /home/singularity/GIT/2D-Mapping-VHDL/Stepper/cosine.vhd                             ;         ;
; AccelerationLimitedPositionControl.vhd ; yes             ; User VHDL File               ; /home/singularity/GIT/2D-Mapping-VHDL/Stepper/AccelerationLimitedPositionControl.vhd ;         ;
; AccelerationLimitedMotorController.vhd ; yes             ; User VHDL File               ; /home/singularity/GIT/2D-Mapping-VHDL/Stepper/AccelerationLimitedMotorController.vhd ;         ;
; lpm_mult.tdf                           ; yes             ; Megafunction                 ; /usr/src/altera/13.1/quartus/libraries/megafunctions/lpm_mult.tdf                    ;         ;
; aglobal131.inc                         ; yes             ; Megafunction                 ; /usr/src/altera/13.1/quartus/libraries/megafunctions/aglobal131.inc                  ;         ;
; lpm_add_sub.inc                        ; yes             ; Megafunction                 ; /usr/src/altera/13.1/quartus/libraries/megafunctions/lpm_add_sub.inc                 ;         ;
; multcore.inc                           ; yes             ; Megafunction                 ; /usr/src/altera/13.1/quartus/libraries/megafunctions/multcore.inc                    ;         ;
; bypassff.inc                           ; yes             ; Megafunction                 ; /usr/src/altera/13.1/quartus/libraries/megafunctions/bypassff.inc                    ;         ;
; altshift.inc                           ; yes             ; Megafunction                 ; /usr/src/altera/13.1/quartus/libraries/megafunctions/altshift.inc                    ;         ;
; db/mult_4ns.tdf                        ; yes             ; Auto-Generated Megafunction  ; /home/singularity/GIT/2D-Mapping-VHDL/Stepper/db/mult_4ns.tdf                        ;         ;
+----------------------------------------+-----------------+------------------------------+--------------------------------------------------------------------------------------+---------+


+-----------------------------------------------------+
; Analysis & Synthesis Resource Usage Summary         ;
+---------------------------------------------+-------+
; Resource                                    ; Usage ;
+---------------------------------------------+-------+
; Total logic elements                        ; 633   ;
;     -- Combinational with no register       ; 535   ;
;     -- Register only                        ; 1     ;
;     -- Combinational with a register        ; 97    ;
;                                             ;       ;
; Logic element usage by number of LUT inputs ;       ;
;     -- 4 input functions                    ; 207   ;
;     -- 3 input functions                    ; 262   ;
;     -- 2 input functions                    ; 151   ;
;     -- 1 input functions                    ; 12    ;
;     -- 0 input functions                    ; 0     ;
;                                             ;       ;
; Logic elements by mode                      ;       ;
;     -- normal mode                          ; 368   ;
;     -- arithmetic mode                      ; 265   ;
;     -- qfbk mode                            ; 0     ;
;     -- register cascade mode                ; 0     ;
;     -- synchronous clear/load mode          ; 0     ;
;     -- asynchronous clear/load mode         ; 0     ;
;                                             ;       ;
; Total registers                             ; 98    ;
; Total logic cells in carry chains           ; 285   ;
; I/O pins                                    ; 23    ;
; Maximum fan-out node                        ; clk   ;
; Maximum fan-out                             ; 98    ;
; Total fan-out                               ; 2084  ;
; Average fan-out                             ; 3.18  ;
+---------------------------------------------+-------+


+-----------------------------------------------------------------------------------------------------------------------------------------------------------------------------------------------------------------------------------------------------------------------------------------------------------------------+
; Analysis & Synthesis Resource Utilization by Entity                                                                                                                                                                                                                                                                   ;
+--------------------------------------------+-------------+--------------+------------+------+--------------+--------------+-------------------+------------------+-----------------+------------+------------------------------------------------------------------------------------------------------+--------------+
; Compilation Hierarchy Node                 ; Logic Cells ; LC Registers ; UFM Blocks ; Pins ; Virtual Pins ; LUT-Only LCs ; Register-Only LCs ; LUT/Register LCs ; Carry Chain LCs ; Packed LCs ; Full Hierarchy Name                                                                                  ; Library Name ;
+--------------------------------------------+-------------+--------------+------------+------+--------------+--------------+-------------------+------------------+-----------------+------------+------------------------------------------------------------------------------------------------------+--------------+
; |AccelerationLimitedMotorController        ; 633 (0)     ; 98           ; 0          ; 23   ; 0            ; 535 (0)      ; 1 (0)             ; 97 (0)           ; 285 (0)         ; 0 (0)      ; |AccelerationLimitedMotorController                                                                  ; work         ;
;    |AccelerationLimitedPositionControl:U1| ; 212 (212)   ; 39           ; 0          ; 0    ; 0            ; 173 (173)    ; 1 (1)             ; 38 (38)          ; 110 (110)       ; 0 (0)      ; |AccelerationLimitedMotorController|AccelerationLimitedPositionControl:U1                            ; work         ;
;    |PWMcomparator:U6|                      ; 35 (35)     ; 11           ; 0          ; 0    ; 0            ; 24 (24)      ; 0 (0)             ; 11 (11)          ; 27 (27)         ; 0 (0)      ; |AccelerationLimitedMotorController|PWMcomparator:U6                                                 ; work         ;
;    |UPDOWNcounterANDswitch:U2|             ; 306 (88)    ; 48           ; 0          ; 0    ; 0            ; 258 (40)     ; 0 (0)             ; 48 (48)          ; 148 (39)        ; 0 (0)      ; |AccelerationLimitedMotorController|UPDOWNcounterANDswitch:U2                                        ; work         ;
;       |lpm_mult:Mult0|                     ; 218 (0)     ; 0            ; 0          ; 0    ; 0            ; 218 (0)      ; 0 (0)             ; 0 (0)            ; 109 (0)         ; 0 (0)      ; |AccelerationLimitedMotorController|UPDOWNcounterANDswitch:U2|lpm_mult:Mult0                         ; work         ;
;          |mult_4ns:auto_generated|         ; 218 (218)   ; 0            ; 0          ; 0    ; 0            ; 218 (218)    ; 0 (0)             ; 0 (0)            ; 109 (109)       ; 0 (0)      ; |AccelerationLimitedMotorController|UPDOWNcounterANDswitch:U2|lpm_mult:Mult0|mult_4ns:auto_generated ; work         ;
;    |cosine:U3|                             ; 40 (40)     ; 0            ; 0          ; 0    ; 0            ; 40 (40)      ; 0 (0)             ; 0 (0)            ; 0 (0)           ; 0 (0)      ; |AccelerationLimitedMotorController|cosine:U3                                                        ; work         ;
;    |cosine:U4|                             ; 40 (40)     ; 0            ; 0          ; 0    ; 0            ; 40 (40)      ; 0 (0)             ; 0 (0)            ; 0 (0)           ; 0 (0)      ; |AccelerationLimitedMotorController|cosine:U4                                                        ; work         ;
+--------------------------------------------+-------------+--------------+------------+------+--------------+--------------+-------------------+------------------+-----------------+------------+------------------------------------------------------------------------------------------------------+--------------+
Note: For table entries with two numbers listed, the numbers in parentheses indicate the number of resources of the given type used by the specific entity alone. The numbers listed outside of parentheses indicate the total resources of the given type used by the specific entity and all of its sub-entities in the hierarchy.


+---------------------------------------------------------------------------------+
; Registers Removed During Synthesis                                              ;
+----------------------------------------+----------------------------------------+
; Register name                          ; Reason for Removal                     ;
+----------------------------------------+----------------------------------------+
; PWMcomparator:U6|timechunk[3..20]      ; Stuck at GND due to stuck port data_in ;
; Total Number of Removed Registers = 18 ;                                        ;
+----------------------------------------+----------------------------------------+


+------------------------------------------------------------------------------------------------------------------------------+
; Removed Registers Triggering Further Register Optimizations                                                                  ;
+--------------------------------+---------------------------+-----------------------------------------------------------------+
; Register name                  ; Reason for Removal        ; Registers Removed due to This Register                          ;
+--------------------------------+---------------------------+-----------------------------------------------------------------+
; PWMcomparator:U6|timechunk[20] ; Stuck at GND              ; PWMcomparator:U6|timechunk[16], PWMcomparator:U6|timechunk[15], ;
;                                ; due to stuck port data_in ; PWMcomparator:U6|timechunk[14], PWMcomparator:U6|timechunk[3],  ;
;                                ;                           ; PWMcomparator:U6|timechunk[4], PWMcomparator:U6|timechunk[5],   ;
;                                ;                           ; PWMcomparator:U6|timechunk[6], PWMcomparator:U6|timechunk[7],   ;
;                                ;                           ; PWMcomparator:U6|timechunk[8], PWMcomparator:U6|timechunk[9],   ;
;                                ;                           ; PWMcomparator:U6|timechunk[10], PWMcomparator:U6|timechunk[11], ;
;                                ;                           ; PWMcomparator:U6|timechunk[12], PWMcomparator:U6|timechunk[13]  ;
+--------------------------------+---------------------------+-----------------------------------------------------------------+


+------------------------------------------------------+
; General Register Statistics                          ;
+----------------------------------------------+-------+
; Statistic                                    ; Value ;
+----------------------------------------------+-------+
; Total registers                              ; 98    ;
; Number of registers using Synchronous Clear  ; 0     ;
; Number of registers using Synchronous Load   ; 0     ;
; Number of registers using Asynchronous Clear ; 0     ;
; Number of registers using Asynchronous Load  ; 0     ;
; Number of registers using Clock Enable       ; 53    ;
; Number of registers using Preset             ; 0     ;
+----------------------------------------------+-------+


+----------------------------------------------------------+
; Inverted Register Statistics                             ;
+------------------------------------------------+---------+
; Inverted Register                              ; Fan out ;
+------------------------------------------------+---------+
; AccelerationLimitedPositionControl:U1|va[8]    ; 20      ;
; AccelerationLimitedPositionControl:U1|vireg[8] ; 2       ;
; Total number of inverted registers = 2         ;         ;
+------------------------------------------------+---------+


+-----------------------------------------------------------------------------------------------------------------------------------------------------------------------------------------------+
; Multiplexer Restructuring Statistics (Restructuring Performed)                                                                                                                                ;
+--------------------+-----------+---------------+----------------------+------------------------+------------+---------------------------------------------------------------------------------+
; Multiplexer Inputs ; Bus Width ; Baseline Area ; Area if Restructured ; Saving if Restructured ; Registered ; Example Multiplexer Output                                                      ;
+--------------------+-----------+---------------+----------------------+------------------------+------------+---------------------------------------------------------------------------------+
; 4:1                ; 21 bits   ; 42 LEs        ; 21 LEs               ; 21 LEs                 ; Yes        ; |AccelerationLimitedMotorController|AccelerationLimitedPositionControl:U1|t[18] ;
; 6:1                ; 7 bits    ; 28 LEs        ; 7 LEs                ; 21 LEs                 ; Yes        ; |AccelerationLimitedMotorController|AccelerationLimitedPositionControl:U1|va[1] ;
; 4:1                ; 21 bits   ; 42 LEs        ; 21 LEs               ; 21 LEs                 ; No         ; |AccelerationLimitedMotorController|AccelerationLimitedPositionControl:U1|t     ;
+--------------------+-----------+---------------+----------------------+------------------------+------------+---------------------------------------------------------------------------------+


+-------------------------------------------------------------------------------------------+
; Parameter Settings for Inferred Entity Instance: UPDOWNcounterANDswitch:U2|lpm_mult:Mult0 ;
+------------------------------------------------+----------+-------------------------------+
; Parameter Name                                 ; Value    ; Type                          ;
+------------------------------------------------+----------+-------------------------------+
; AUTO_CARRY_CHAINS                              ; ON       ; AUTO_CARRY                    ;
; IGNORE_CARRY_BUFFERS                           ; OFF      ; IGNORE_CARRY                  ;
; AUTO_CASCADE_CHAINS                            ; ON       ; AUTO_CASCADE                  ;
; IGNORE_CASCADE_BUFFERS                         ; OFF      ; IGNORE_CASCADE                ;
; LPM_WIDTHA                                     ; 8        ; Untyped                       ;
; LPM_WIDTHB                                     ; 21       ; Untyped                       ;
; LPM_WIDTHP                                     ; 29       ; Untyped                       ;
; LPM_WIDTHR                                     ; 29       ; Untyped                       ;
; LPM_WIDTHS                                     ; 1        ; Untyped                       ;
; LPM_REPRESENTATION                             ; UNSIGNED ; Untyped                       ;
; LPM_PIPELINE                                   ; 0        ; Untyped                       ;
; LATENCY                                        ; 0        ; Untyped                       ;
; INPUT_A_IS_CONSTANT                            ; NO       ; Untyped                       ;
; INPUT_B_IS_CONSTANT                            ; NO       ; Untyped                       ;
; USE_EAB                                        ; OFF      ; Untyped                       ;
; MAXIMIZE_SPEED                                 ; 5        ; Untyped                       ;
; DEVICE_FAMILY                                  ; MAX V    ; Untyped                       ;
; CARRY_CHAIN                                    ; MANUAL   ; Untyped                       ;
; APEX20K_TECHNOLOGY_MAPPER                      ; LUT      ; TECH_MAPPER_APEX20K           ;
; DEDICATED_MULTIPLIER_CIRCUITRY                 ; AUTO     ; Untyped                       ;
; DEDICATED_MULTIPLIER_MIN_INPUT_WIDTH_FOR_AUTO  ; 0        ; Untyped                       ;
; DEDICATED_MULTIPLIER_MIN_OUTPUT_WIDTH_FOR_AUTO ; 0        ; Untyped                       ;
; CBXI_PARAMETER                                 ; mult_4ns ; Untyped                       ;
; INPUT_A_FIXED_VALUE                            ; Bx       ; Untyped                       ;
; INPUT_B_FIXED_VALUE                            ; Bx       ; Untyped                       ;
; USE_AHDL_IMPLEMENTATION                        ; OFF      ; Untyped                       ;
+------------------------------------------------+----------+-------------------------------+
Note: In order to hide this table in the UI and the text report file, please set the "Show Parameter Settings in Synthesis Report" option in "Analysis and Synthesis Settings -> More Settings" to "Off".


+----------------------------------------------------------------------------------+
; lpm_mult Parameter Settings by Entity Instance                                   ;
+---------------------------------------+------------------------------------------+
; Name                                  ; Value                                    ;
+---------------------------------------+------------------------------------------+
; Number of entity instances            ; 1                                        ;
; Entity Instance                       ; UPDOWNcounterANDswitch:U2|lpm_mult:Mult0 ;
;     -- LPM_WIDTHA                     ; 8                                        ;
;     -- LPM_WIDTHB                     ; 21                                       ;
;     -- LPM_WIDTHP                     ; 29                                       ;
;     -- LPM_REPRESENTATION             ; UNSIGNED                                 ;
;     -- INPUT_A_IS_CONSTANT            ; NO                                       ;
;     -- INPUT_B_IS_CONSTANT            ; NO                                       ;
;     -- USE_EAB                        ; OFF                                      ;
;     -- DEDICATED_MULTIPLIER_CIRCUITRY ; AUTO                                     ;
;     -- INPUT_A_FIXED_VALUE            ; Bx                                       ;
;     -- INPUT_B_FIXED_VALUE            ; Bx                                       ;
+---------------------------------------+------------------------------------------+


+-------------------------------+
; Analysis & Synthesis Messages ;
+-------------------------------+
Info: *******************************************************************
Info: Running Quartus II 64-Bit Analysis & Synthesis
    Info: Version 13.1.0 Build 162 10/23/2013 SJ Web Edition
    Info: Processing started: Mon Mar 10 00:24:41 2014
Info: Command: quartus_map --read_settings_files=on --write_settings_files=off Stepper -c Stepper
Warning (20028): Parallel compilation is not licensed and has been disabled
Info (12021): Found 2 design units, including 1 entities, in source file UPDOWNcounterANDswitch.vhd
    Info (12022): Found design unit 1: UPDOWNcounterANDswitch-arx
    Info (12023): Found entity 1: UPDOWNcounterANDswitch
Info (12021): Found 2 design units, including 1 entities, in source file PWMcomparator.vhd
    Info (12022): Found design unit 1: PWMcomparator-arx
    Info (12023): Found entity 1: PWMcomparator
Info (12021): Found 2 design units, including 1 entities, in source file cosine.vhd
    Info (12022): Found design unit 1: cosine-arx
    Info (12023): Found entity 1: cosine
Info (12021): Found 2 design units, including 1 entities, in source file AccelerationLimitedPositionControl.vhd
    Info (12022): Found design unit 1: AccelerationLimitedPositionControl-arx
    Info (12023): Found entity 1: AccelerationLimitedPositionControl
Info (12021): Found 2 design units, including 1 entities, in source file AccelerationLimitedMotorController.vhd
    Info (12022): Found design unit 1: AccelerationLimitedMotorController-arx
    Info (12023): Found entity 1: AccelerationLimitedMotorController
Info (12127): Elaborating entity "AccelerationLimitedMotorController" for the top level hierarchy
Info (12128): Elaborating entity "AccelerationLimitedPositionControl" for hierarchy "AccelerationLimitedPositionControl:U1"
Info (12128): Elaborating entity "UPDOWNcounterANDswitch" for hierarchy "UPDOWNcounterANDswitch:U2"
Info (12128): Elaborating entity "cosine" for hierarchy "cosine:U3"
Info (12128): Elaborating entity "PWMcomparator" for hierarchy "PWMcomparator:U6"
Info (278001): Inferred 1 megafunctions from design logic
    Info (278003): Inferred multiplier megafunction ("lpm_mult") from the following logic: "UPDOWNcounterANDswitch:U2|Mult0"
Info (12130): Elaborated megafunction instantiation "UPDOWNcounterANDswitch:U2|lpm_mult:Mult0"
Info (12133): Instantiated megafunction "UPDOWNcounterANDswitch:U2|lpm_mult:Mult0" with the following parameter:
    Info (12134): Parameter "LPM_WIDTHA" = "8"
    Info (12134): Parameter "LPM_WIDTHB" = "21"
    Info (12134): Parameter "LPM_WIDTHP" = "29"
    Info (12134): Parameter "LPM_WIDTHR" = "29"
    Info (12134): Parameter "LPM_WIDTHS" = "1"
    Info (12134): Parameter "LPM_REPRESENTATION" = "UNSIGNED"
    Info (12134): Parameter "INPUT_A_IS_CONSTANT" = "NO"
    Info (12134): Parameter "INPUT_B_IS_CONSTANT" = "NO"
    Info (12134): Parameter "MAXIMIZE_SPEED" = "5"
Info (12021): Found 1 design units, including 1 entities, in source file db/mult_4ns.tdf
    Info (12023): Found entity 1: mult_4ns
Info (13014): Ignored 296 buffer(s)
    Info (13019): Ignored 296 SOFT buffer(s)
Info (21057): Implemented 656 device resources after synthesis - the final resource count might be different
    Info (21058): Implemented 19 input pins
    Info (21059): Implemented 4 output pins
    Info (21061): Implemented 633 logic cells
Info: Quartus II 64-Bit Analysis & Synthesis was successful. 0 errors, 1 warning
    Info: Peak virtual memory: 713 megabytes
    Info: Processing ended: Mon Mar 10 00:24:47 2014
    Info: Elapsed time: 00:00:06
    Info: Total CPU time (on all processors): 00:00:04


