Analysis & Synthesis report for Controller
Sun Apr 13 01:51:54 2014
Quartus II 64-Bit Version 13.1.0 Build 162 10/23/2013 SJ Web Edition


---------------------
; Table of Contents ;
---------------------
  1. Legal Notice
  2. Analysis & Synthesis Summary
  3. Analysis & Synthesis Settings
  4. Parallel Compilation
  5. Analysis & Synthesis Source Files Read
  6. Analysis & Synthesis Resource Usage Summary
  7. Analysis & Synthesis Resource Utilization by Entity
  8. User-Specified and Inferred Latches
  9. Registers Removed During Synthesis
 10. General Register Statistics
 11. Inverted Register Statistics
 12. Multiplexer Restructuring Statistics (Restructuring Performed)
 13. Parameter Settings for User Entity Instance: Top-level Entity: |Controller
 14. Parameter Settings for User Entity Instance: UART:TRANSMIT
 15. Port Connectivity Checks: "Tracking:POSITION"
 16. Analysis & Synthesis Messages



----------------
; Legal Notice ;
----------------
Copyright (C) 1991-2013 Altera Corporation
Your use of Altera Corporation's design tools, logic functions 
and other software and tools, and its AMPP partner logic 
functions, and any output files from any of the foregoing 
(including device programming or simulation files), and any 
associated documentation or information are expressly subject 
to the terms and conditions of the Altera Program License 
Subscription Agreement, Altera MegaCore Function License 
Agreement, or other applicable license agreement, including, 
without limitation, that your use is for the sole purpose of 
programming logic devices manufactured by Altera and sold by 
Altera or its authorized distributors.  Please refer to the 
applicable agreement for further details.



+--------------------------------------------------------------------------+
; Analysis & Synthesis Summary                                             ;
+-----------------------------+--------------------------------------------+
; Analysis & Synthesis Status ; Successful - Sun Apr 13 01:51:54 2014      ;
; Quartus II 64-Bit Version   ; 13.1.0 Build 162 10/23/2013 SJ Web Edition ;
; Revision Name               ; Controller                                 ;
; Top-level Entity Name       ; Controller                                 ;
; Family                      ; MAX V                                      ;
; Total logic elements        ; 220                                        ;
; Total pins                  ; 13                                         ;
; Total virtual pins          ; 0                                          ;
; UFM blocks                  ; 0 / 1 ( 0 % )                              ;
+-----------------------------+--------------------------------------------+


+----------------------------------------------------------------------------------------------------------------------+
; Analysis & Synthesis Settings                                                                                        ;
+----------------------------------------------------------------------------+--------------------+--------------------+
; Option                                                                     ; Setting            ; Default Value      ;
+----------------------------------------------------------------------------+--------------------+--------------------+
; Top-level entity name                                                      ; Controller         ; Controller         ;
; Family name                                                                ; MAX V              ; Cyclone IV GX      ;
; Use smart compilation                                                      ; Off                ; Off                ;
; Enable parallel Assembler and TimeQuest Timing Analyzer during compilation ; On                 ; On                 ;
; Enable compact report table                                                ; Off                ; Off                ;
; Restructure Multiplexers                                                   ; Auto               ; Auto               ;
; Create Debugging Nodes for IP Cores                                        ; Off                ; Off                ;
; Preserve fewer node names                                                  ; On                 ; On                 ;
; Disable OpenCore Plus hardware evaluation                                  ; Off                ; Off                ;
; Verilog Version                                                            ; Verilog_2001       ; Verilog_2001       ;
; VHDL Version                                                               ; VHDL_1993          ; VHDL_1993          ;
; State Machine Processing                                                   ; Auto               ; Auto               ;
; Safe State Machine                                                         ; Off                ; Off                ;
; Extract Verilog State Machines                                             ; On                 ; On                 ;
; Extract VHDL State Machines                                                ; On                 ; On                 ;
; Ignore Verilog initial constructs                                          ; Off                ; Off                ;
; Iteration limit for constant Verilog loops                                 ; 5000               ; 5000               ;
; Iteration limit for non-constant Verilog loops                             ; 250                ; 250                ;
; Add Pass-Through Logic to Inferred RAMs                                    ; On                 ; On                 ;
; Infer RAMs from Raw Logic                                                  ; On                 ; On                 ;
; Parallel Synthesis                                                         ; On                 ; On                 ;
; NOT Gate Push-Back                                                         ; On                 ; On                 ;
; Power-Up Don't Care                                                        ; On                 ; On                 ;
; Remove Redundant Logic Cells                                               ; Off                ; Off                ;
; Remove Duplicate Registers                                                 ; On                 ; On                 ;
; Ignore CARRY Buffers                                                       ; Off                ; Off                ;
; Ignore CASCADE Buffers                                                     ; Off                ; Off                ;
; Ignore GLOBAL Buffers                                                      ; Off                ; Off                ;
; Ignore ROW GLOBAL Buffers                                                  ; Off                ; Off                ;
; Ignore LCELL Buffers                                                       ; Off                ; Off                ;
; Ignore SOFT Buffers                                                        ; On                 ; On                 ;
; Limit AHDL Integers to 32 Bits                                             ; Off                ; Off                ;
; Optimization Technique                                                     ; Balanced           ; Balanced           ;
; Carry Chain Length                                                         ; 70                 ; 70                 ;
; Auto Carry Chains                                                          ; On                 ; On                 ;
; Auto Open-Drain Pins                                                       ; On                 ; On                 ;
; Perform WYSIWYG Primitive Resynthesis                                      ; Off                ; Off                ;
; Auto Shift Register Replacement                                            ; Auto               ; Auto               ;
; Allow Shift Register Merging across Hierarchies                            ; Auto               ; Auto               ;
; Auto Clock Enable Replacement                                              ; On                 ; On                 ;
; Allow Synchronous Control Signals                                          ; On                 ; On                 ;
; Force Use of Synchronous Clear Signals                                     ; Off                ; Off                ;
; Auto Resource Sharing                                                      ; Off                ; Off                ;
; Use LogicLock Constraints during Resource Balancing                        ; On                 ; On                 ;
; Ignore translate_off and synthesis_off directives                          ; Off                ; Off                ;
; Report Parameter Settings                                                  ; On                 ; On                 ;
; Report Source Assignments                                                  ; On                 ; On                 ;
; Report Connectivity Checks                                                 ; On                 ; On                 ;
; Ignore Maximum Fan-Out Assignments                                         ; Off                ; Off                ;
; Synchronization Register Chain Length                                      ; 2                  ; 2                  ;
; PowerPlay Power Optimization                                               ; Normal compilation ; Normal compilation ;
; HDL message level                                                          ; Level2             ; Level2             ;
; Suppress Register Optimization Related Messages                            ; Off                ; Off                ;
; Number of Removed Registers Reported in Synthesis Report                   ; 5000               ; 5000               ;
; Number of Swept Nodes Reported in Synthesis Report                         ; 5000               ; 5000               ;
; Number of Inverted Registers Reported in Synthesis Report                  ; 100                ; 100                ;
; Clock MUX Protection                                                       ; On                 ; On                 ;
; Block Design Naming                                                        ; Auto               ; Auto               ;
; Synthesis Effort                                                           ; Auto               ; Auto               ;
; Shift Register Replacement - Allow Asynchronous Clear Signal               ; On                 ; On                 ;
; Pre-Mapping Resynthesis Optimization                                       ; Off                ; Off                ;
; Analysis & Synthesis Message Level                                         ; Medium             ; Medium             ;
; Disable Register Merging Across Hierarchies                                ; Auto               ; Auto               ;
; Synthesis Seed                                                             ; 1                  ; 1                  ;
+----------------------------------------------------------------------------+--------------------+--------------------+


Parallel compilation was disabled, but you have multiple processors available. Enable parallel compilation to reduce compilation time.
+-------------------------------------+
; Parallel Compilation                ;
+----------------------------+--------+
; Processors                 ; Number ;
+----------------------------+--------+
; Number detected on machine ; 4      ;
; Maximum allowed            ; 1      ;
+----------------------------+--------+


+--------------------------------------------------------------------------------------------------------------------------------------------------+
; Analysis & Synthesis Source Files Read                                                                                                           ;
+----------------------------------+-----------------+-----------------+-----------------------------------------------------------------+---------+
; File Name with User-Entered Path ; Used in Netlist ; File Type       ; File Name with Absolute Path                                    ; Library ;
+----------------------------------+-----------------+-----------------+-----------------------------------------------------------------+---------+
; ../UART/TRANSMIT.vhd             ; yes             ; User VHDL File  ; /home/singularity/GIT/2D-Mapping-VHDL/UART/TRANSMIT.vhd         ;         ;
; ../UART/UART.vhd                 ; yes             ; User VHDL File  ; /home/singularity/GIT/2D-Mapping-VHDL/UART/UART.vhd             ;         ;
; ../Tracking/Lookup.vhd           ; yes             ; User VHDL File  ; /home/singularity/GIT/2D-Mapping-VHDL/Tracking/Lookup.vhd       ;         ;
; ../Tracking/Tracking.vhd         ; yes             ; User VHDL File  ; /home/singularity/GIT/2D-Mapping-VHDL/Tracking/Tracking.vhd     ;         ;
; Controller.vhd                   ; yes             ; User VHDL File  ; /home/singularity/GIT/2D-Mapping-VHDL/Controller/Controller.vhd ;         ;
+----------------------------------+-----------------+-----------------+-----------------------------------------------------------------+---------+


+-----------------------------------------------------+
; Analysis & Synthesis Resource Usage Summary         ;
+---------------------------------------------+-------+
; Resource                                    ; Usage ;
+---------------------------------------------+-------+
; Total logic elements                        ; 220   ;
;     -- Combinational with no register       ; 133   ;
;     -- Register only                        ; 11    ;
;     -- Combinational with a register        ; 76    ;
;                                             ;       ;
; Logic element usage by number of LUT inputs ;       ;
;     -- 4 input functions                    ; 74    ;
;     -- 3 input functions                    ; 90    ;
;     -- 2 input functions                    ; 41    ;
;     -- 1 input functions                    ; 4     ;
;     -- 0 input functions                    ; 0     ;
;                                             ;       ;
; Logic elements by mode                      ;       ;
;     -- normal mode                          ; 149   ;
;     -- arithmetic mode                      ; 71    ;
;     -- qfbk mode                            ; 0     ;
;     -- register cascade mode                ; 0     ;
;     -- synchronous clear/load mode          ; 0     ;
;     -- asynchronous clear/load mode         ; 65    ;
;                                             ;       ;
; Total registers                             ; 87    ;
; Total logic cells in carry chains           ; 79    ;
; I/O pins                                    ; 13    ;
; Maximum fan-out node                        ; CLK   ;
; Maximum fan-out                             ; 81    ;
; Total fan-out                               ; 881   ;
; Average fan-out                             ; 3.78  ;
+---------------------------------------------+-------+


+---------------------------------------------------------------------------------------------------------------------------------------------------------------------------------------------------------------------------------------------------+
; Analysis & Synthesis Resource Utilization by Entity                                                                                                                                                                                               ;
+------------------------------+-------------+--------------+------------+------+--------------+--------------+-------------------+------------------+-----------------+------------+------------------------------------------------+--------------+
; Compilation Hierarchy Node   ; Logic Cells ; LC Registers ; UFM Blocks ; Pins ; Virtual Pins ; LUT-Only LCs ; Register-Only LCs ; LUT/Register LCs ; Carry Chain LCs ; Packed LCs ; Full Hierarchy Name                            ; Library Name ;
+------------------------------+-------------+--------------+------------+------+--------------+--------------+-------------------+------------------+-----------------+------------+------------------------------------------------+--------------+
; |Controller                  ; 220 (33)    ; 87           ; 0          ; 13   ; 0            ; 133 (6)      ; 11 (0)            ; 76 (27)          ; 79 (0)          ; 0 (0)      ; |Controller                                    ; work         ;
;    |Tracking:POSITION|       ; 130 (42)    ; 40           ; 0          ; 0    ; 0            ; 90 (2)       ; 1 (1)             ; 39 (39)          ; 66 (38)         ; 0 (0)      ; |Controller|Tracking:POSITION                  ; work         ;
;       |D_Lookup:Lookup|      ; 88 (88)     ; 0            ; 0          ; 0    ; 0            ; 88 (88)      ; 0 (0)             ; 0 (0)            ; 28 (28)         ; 0 (0)      ; |Controller|Tracking:POSITION|D_Lookup:Lookup  ; work         ;
;    |UART:TRANSMIT|           ; 57 (31)     ; 20           ; 0          ; 0    ; 0            ; 37 (17)      ; 10 (9)            ; 10 (5)           ; 13 (13)         ; 0 (0)      ; |Controller|UART:TRANSMIT                      ; work         ;
;       |TRANSMIT:transmitter| ; 26 (26)     ; 6            ; 0          ; 0    ; 0            ; 20 (20)      ; 1 (1)             ; 5 (5)            ; 0 (0)           ; 0 (0)      ; |Controller|UART:TRANSMIT|TRANSMIT:transmitter ; work         ;
+------------------------------+-------------+--------------+------------+------+--------------+--------------+-------------------+------------------+-----------------+------------+------------------------------------------------+--------------+
Note: For table entries with two numbers listed, the numbers in parentheses indicate the number of resources of the given type used by the specific entity alone. The numbers listed outside of parentheses indicate the total resources of the given type used by the specific entity and all of its sub-entities in the hierarchy.


+------------------------------------------------------------------------------------------------------------------------+
; User-Specified and Inferred Latches                                                                                    ;
+----------------------------------------------------+------------------------------------------+------------------------+
; Latch Name                                         ; Latch Enable Signal                      ; Free of Timing Hazards ;
+----------------------------------------------------+------------------------------------------+------------------------+
; UART:TRANSMIT|TRANSMIT:transmitter|latch[5]        ; UART:TRANSMIT|TRANSMIT:transmitter|ready ; yes                    ;
; UART:TRANSMIT|TRANSMIT:transmitter|latch[7]        ; UART:TRANSMIT|TRANSMIT:transmitter|ready ; yes                    ;
; UART:TRANSMIT|TRANSMIT:transmitter|latch[6]        ; UART:TRANSMIT|TRANSMIT:transmitter|ready ; yes                    ;
; UART:TRANSMIT|TRANSMIT:transmitter|latch[4]        ; UART:TRANSMIT|TRANSMIT:transmitter|ready ; yes                    ;
; UART:TRANSMIT|TRANSMIT:transmitter|latch[1]        ; UART:TRANSMIT|TRANSMIT:transmitter|ready ; yes                    ;
; UART:TRANSMIT|TRANSMIT:transmitter|latch[3]        ; UART:TRANSMIT|TRANSMIT:transmitter|ready ; yes                    ;
; UART:TRANSMIT|TRANSMIT:transmitter|latch[2]        ; UART:TRANSMIT|TRANSMIT:transmitter|ready ; yes                    ;
; UART:TRANSMIT|TRANSMIT:transmitter|latch[0]        ; UART:TRANSMIT|TRANSMIT:transmitter|ready ; yes                    ;
; UART:TRANSMIT|TRANSMIT:transmitter|trigger         ; GND                                      ; yes                    ;
; Number of user-specified and inferred latches = 9  ;                                          ;                        ;
+----------------------------------------------------+------------------------------------------+------------------------+
Note: All latches listed above may not be present at the end of synthesis due to various synthesis optimizations.


+--------------------------------------------------------------------------------+
; Registers Removed During Synthesis                                             ;
+---------------------------------------+----------------------------------------+
; Register name                         ; Reason for Removal                     ;
+---------------------------------------+----------------------------------------+
; latch[14]                             ; Merged with latch[15]                  ;
; latch[15]                             ; Stuck at GND due to stuck port data_in ;
; Total Number of Removed Registers = 2 ;                                        ;
+---------------------------------------+----------------------------------------+


+------------------------------------------------------+
; General Register Statistics                          ;
+----------------------------------------------+-------+
; Statistic                                    ; Value ;
+----------------------------------------------+-------+
; Total registers                              ; 87    ;
; Number of registers using Synchronous Clear  ; 0     ;
; Number of registers using Synchronous Load   ; 0     ;
; Number of registers using Asynchronous Clear ; 64    ;
; Number of registers using Asynchronous Load  ; 4     ;
; Number of registers using Clock Enable       ; 62    ;
; Number of registers using Preset             ; 0     ;
+----------------------------------------------+-------+


+--------------------------------------------------+
; Inverted Register Statistics                     ;
+----------------------------------------+---------+
; Inverted Register                      ; Fan out ;
+----------------------------------------+---------+
; UART:TRANSMIT|TRANSMIT:transmitter|TX  ; 1       ;
; wr_buff                                ; 3       ;
; Total number of inverted registers = 2 ;         ;
+----------------------------------------+---------+


+----------------------------------------------------------------------------------------------------------------------------------------------------------------------+
; Multiplexer Restructuring Statistics (Restructuring Performed)                                                                                                       ;
+--------------------+-----------+---------------+----------------------+------------------------+------------+--------------------------------------------------------+
; Multiplexer Inputs ; Bus Width ; Baseline Area ; Area if Restructured ; Saving if Restructured ; Registered ; Example Multiplexer Output                             ;
+--------------------+-----------+---------------+----------------------+------------------------+------------+--------------------------------------------------------+
; 3:1                ; 38 bits   ; 76 LEs        ; 0 LEs                ; 76 LEs                 ; Yes        ; |Controller|Tracking:POSITION|a_2t[7]                  ;
; 4:1                ; 2 bits    ; 4 LEs         ; 4 LEs                ; 0 LEs                  ; Yes        ; |Controller|UART:TRANSMIT|TRANSMIT:transmitter|step[2] ;
; 5:1                ; 14 bits   ; 42 LEs        ; 14 LEs               ; 28 LEs                 ; Yes        ; |Controller|latch[12]                                  ;
; 7:1                ; 2 bits    ; 8 LEs         ; 4 LEs                ; 4 LEs                  ; Yes        ; |Controller|data[7]                                    ;
; 7:1                ; 6 bits    ; 24 LEs        ; 12 LEs               ; 12 LEs                 ; Yes        ; |Controller|data[3]                                    ;
; 4:1                ; 2 bits    ; 4 LEs         ; 4 LEs                ; 0 LEs                  ; Yes        ; |Controller|UART:TRANSMIT|TRANSMIT:transmitter|step[3] ;
; 9:1                ; 2 bits    ; 12 LEs        ; 8 LEs                ; 4 LEs                  ; No         ; |Controller|state                                      ;
+--------------------+-----------+---------------+----------------------+------------------------+------------+--------------------------------------------------------+


+----------------------------------------------------------------------------+
; Parameter Settings for User Entity Instance: Top-level Entity: |Controller ;
+----------------+-------+---------------------------------------------------+
; Parameter Name ; Value ; Type                                              ;
+----------------+-------+---------------------------------------------------+
; N              ; 5     ; Signed Integer                                    ;
; THRES          ; 100   ; Signed Integer                                    ;
+----------------+-------+---------------------------------------------------+
Note: In order to hide this table in the UI and the text report file, please set the "Show Parameter Settings in Synthesis Report" option in "Analysis and Synthesis Settings -> More Settings" to "Off".


+------------------------------------------------------------+
; Parameter Settings for User Entity Instance: UART:TRANSMIT ;
+----------------+-------+-----------------------------------+
; Parameter Name ; Value ; Type                              ;
+----------------+-------+-----------------------------------+
; TX_CLK_DIV     ; 5207  ; Signed Integer                    ;
+----------------+-------+-----------------------------------+
Note: In order to hide this table in the UI and the text report file, please set the "Show Parameter Settings in Synthesis Report" option in "Analysis and Synthesis Settings -> More Settings" to "Off".


+---------------------------------------------------------------------------------------------------------------------+
; Port Connectivity Checks: "Tracking:POSITION"                                                                       ;
+-----------+--------+----------+-------------------------------------------------------------------------------------+
; Port      ; Type   ; Severity ; Details                                                                             ;
+-----------+--------+----------+-------------------------------------------------------------------------------------+
; fwd_r     ; Input  ; Info     ; Stuck at VCC                                                                        ;
; fwd_l     ; Input  ; Info     ; Stuck at VCC                                                                        ;
; act_2t    ; Output ; Info     ; Connected to dangling logic. Logic that only feeds a dangling port will be removed. ;
; closest_x ; Output ; Info     ; Connected to dangling logic. Logic that only feeds a dangling port will be removed. ;
; closest_y ; Output ; Info     ; Connected to dangling logic. Logic that only feeds a dangling port will be removed. ;
; following ; Input  ; Info     ; Stuck at GND                                                                        ;
+-----------+--------+----------+-------------------------------------------------------------------------------------+


+-------------------------------+
; Analysis & Synthesis Messages ;
+-------------------------------+
Info: *******************************************************************
Info: Running Quartus II 64-Bit Analysis & Synthesis
    Info: Version 13.1.0 Build 162 10/23/2013 SJ Web Edition
    Info: Processing started: Sun Apr 13 01:51:47 2014
Info: Command: quartus_map --read_settings_files=on --write_settings_files=off Controller -c Controller
Warning (20028): Parallel compilation is not licensed and has been disabled
Info (12021): Found 2 design units, including 1 entities, in source file /home/singularity/GIT/2D-Mapping-VHDL/ErrorCalculation/ErrorCalculation.vhd
    Info (12022): Found design unit 1: ErrorCalculation-main
    Info (12023): Found entity 1: ErrorCalculation
Info (12021): Found 2 design units, including 1 entities, in source file /home/singularity/GIT/2D-Mapping-VHDL/UART/TRANSMIT.vhd
    Info (12022): Found design unit 1: TRANSMIT-main
    Info (12023): Found entity 1: TRANSMIT
Info (12021): Found 2 design units, including 1 entities, in source file /home/singularity/GIT/2D-Mapping-VHDL/UART/UART.vhd
    Info (12022): Found design unit 1: UART-main
    Info (12023): Found entity 1: UART
Info (12021): Found 2 design units, including 1 entities, in source file /home/singularity/GIT/2D-Mapping-VHDL/ADC/ADC.vhd
    Info (12022): Found design unit 1: ADC-main
    Info (12023): Found entity 1: ADC
Info (12021): Found 2 design units, including 1 entities, in source file /home/singularity/GIT/2D-Mapping-VHDL/Tracking/Lookup.vhd
    Info (12022): Found design unit 1: D_Lookup-main
    Info (12023): Found entity 1: D_Lookup
Info (12021): Found 2 design units, including 1 entities, in source file /home/singularity/GIT/2D-Mapping-VHDL/Tracking/Tracking.vhd
    Info (12022): Found design unit 1: Tracking-main
    Info (12023): Found entity 1: Tracking
Info (12021): Found 2 design units, including 1 entities, in source file Controller.vhd
    Info (12022): Found design unit 1: Controller-main
    Info (12023): Found entity 1: Controller
Info (12127): Elaborating entity "Controller" for the top level hierarchy
Warning (10036): Verilog HDL or VHDL warning at Controller.vhd(26): object "RUN" assigned a value but never read
Warning (10036): Verilog HDL or VHDL warning at Controller.vhd(32): object "ACT_2T" assigned a value but never read
Warning (10036): Verilog HDL or VHDL warning at Controller.vhd(33): object "CLOSEST_X" assigned a value but never read
Warning (10036): Verilog HDL or VHDL warning at Controller.vhd(34): object "CLOSEST_Y" assigned a value but never read
Warning (10540): VHDL Signal Declaration warning at Controller.vhd(35): used explicit default value for signal "FOLLOWING" because signal was never assigned a value
Warning (10492): VHDL Process Statement warning at Controller.vhd(91): signal "RST" is read inside the Process Statement but isn't in the Process Statement's sensitivity list
Warning (10492): VHDL Process Statement warning at Controller.vhd(128): signal "RST" is read inside the Process Statement but isn't in the Process Statement's sensitivity list
Info (12128): Elaborating entity "Tracking" for hierarchy "Tracking:POSITION"
Warning (10492): VHDL Process Statement warning at Tracking.vhd(96): signal "FOLLOWING" is read inside the Process Statement but isn't in the Process Statement's sensitivity list
Warning (10492): VHDL Process Statement warning at Tracking.vhd(96): signal "FIN_X" is read inside the Process Statement but isn't in the Process Statement's sensitivity list
Warning (10492): VHDL Process Statement warning at Tracking.vhd(96): signal "c_x" is read inside the Process Statement but isn't in the Process Statement's sensitivity list
Warning (10631): VHDL Process Statement warning at Tracking.vhd(94): inferring latch(es) for signal or variable "c_x", which holds its previous value in one or more paths through the process
Warning (10631): VHDL Process Statement warning at Tracking.vhd(94): inferring latch(es) for signal or variable "c_y", which holds its previous value in one or more paths through the process
Info (10041): Inferred latch for "c_y[0]" at Tracking.vhd(94)
Info (10041): Inferred latch for "c_y[1]" at Tracking.vhd(94)
Info (10041): Inferred latch for "c_y[2]" at Tracking.vhd(94)
Info (10041): Inferred latch for "c_y[3]" at Tracking.vhd(94)
Info (10041): Inferred latch for "c_y[4]" at Tracking.vhd(94)
Info (10041): Inferred latch for "c_y[5]" at Tracking.vhd(94)
Info (10041): Inferred latch for "c_y[6]" at Tracking.vhd(94)
Info (10041): Inferred latch for "c_y[7]" at Tracking.vhd(94)
Info (10041): Inferred latch for "c_y[8]" at Tracking.vhd(94)
Info (10041): Inferred latch for "c_y[9]" at Tracking.vhd(94)
Info (10041): Inferred latch for "c_y[10]" at Tracking.vhd(94)
Info (10041): Inferred latch for "c_y[11]" at Tracking.vhd(94)
Info (10041): Inferred latch for "c_y[12]" at Tracking.vhd(94)
Info (10041): Inferred latch for "c_y[13]" at Tracking.vhd(94)
Info (10041): Inferred latch for "c_x[0]" at Tracking.vhd(94)
Info (10041): Inferred latch for "c_x[1]" at Tracking.vhd(94)
Info (10041): Inferred latch for "c_x[2]" at Tracking.vhd(94)
Info (10041): Inferred latch for "c_x[3]" at Tracking.vhd(94)
Info (10041): Inferred latch for "c_x[4]" at Tracking.vhd(94)
Info (10041): Inferred latch for "c_x[5]" at Tracking.vhd(94)
Info (10041): Inferred latch for "c_x[6]" at Tracking.vhd(94)
Info (10041): Inferred latch for "c_x[7]" at Tracking.vhd(94)
Info (10041): Inferred latch for "c_x[8]" at Tracking.vhd(94)
Info (10041): Inferred latch for "c_x[9]" at Tracking.vhd(94)
Info (10041): Inferred latch for "c_x[10]" at Tracking.vhd(94)
Info (10041): Inferred latch for "c_x[11]" at Tracking.vhd(94)
Info (10041): Inferred latch for "c_x[12]" at Tracking.vhd(94)
Info (10041): Inferred latch for "c_x[13]" at Tracking.vhd(94)
Info (12128): Elaborating entity "D_Lookup" for hierarchy "Tracking:POSITION|D_Lookup:Lookup"
Info (12128): Elaborating entity "UART" for hierarchy "UART:TRANSMIT"
Info (12128): Elaborating entity "TRANSMIT" for hierarchy "UART:TRANSMIT|TRANSMIT:transmitter"
Warning (10631): VHDL Process Statement warning at TRANSMIT.vhd(22): inferring latch(es) for signal or variable "trigger", which holds its previous value in one or more paths through the process
Warning (10492): VHDL Process Statement warning at TRANSMIT.vhd(37): signal "step" is read inside the Process Statement but isn't in the Process Statement's sensitivity list
Warning (10492): VHDL Process Statement warning at TRANSMIT.vhd(37): signal "trigger" is read inside the Process Statement but isn't in the Process Statement's sensitivity list
Warning (10492): VHDL Process Statement warning at TRANSMIT.vhd(38): signal "DATA" is read inside the Process Statement but isn't in the Process Statement's sensitivity list
Warning (10631): VHDL Process Statement warning at TRANSMIT.vhd(31): inferring latch(es) for signal or variable "latch", which holds its previous value in one or more paths through the process
Info (10041): Inferred latch for "latch[0]" at TRANSMIT.vhd(31)
Info (10041): Inferred latch for "latch[1]" at TRANSMIT.vhd(31)
Info (10041): Inferred latch for "latch[2]" at TRANSMIT.vhd(31)
Info (10041): Inferred latch for "latch[3]" at TRANSMIT.vhd(31)
Info (10041): Inferred latch for "latch[4]" at TRANSMIT.vhd(31)
Info (10041): Inferred latch for "latch[5]" at TRANSMIT.vhd(31)
Info (10041): Inferred latch for "latch[6]" at TRANSMIT.vhd(31)
Info (10041): Inferred latch for "latch[7]" at TRANSMIT.vhd(31)
Info (10041): Inferred latch for "trigger" at TRANSMIT.vhd(22)
Info (18000): Registers with preset signals will power-up high
Warning (21074): Design contains 8 input pin(s) that do not drive logic
    Warning (15610): No output dependent on input pin "SHARP[0]"
    Warning (15610): No output dependent on input pin "SHARP[1]"
    Warning (15610): No output dependent on input pin "SHARP[2]"
    Warning (15610): No output dependent on input pin "SHARP[3]"
    Warning (15610): No output dependent on input pin "SHARP[4]"
    Warning (15610): No output dependent on input pin "SHARP[5]"
    Warning (15610): No output dependent on input pin "SHARP[6]"
    Warning (15610): No output dependent on input pin "SHARP[7]"
Info (21057): Implemented 233 device resources after synthesis - the final resource count might be different
    Info (21058): Implemented 12 input pins
    Info (21059): Implemented 1 output pins
    Info (21061): Implemented 220 logic cells
Info: Quartus II 64-Bit Analysis & Synthesis was successful. 0 errors, 27 warnings
    Info: Peak virtual memory: 666 megabytes
    Info: Processing ended: Sun Apr 13 01:51:55 2014
    Info: Elapsed time: 00:00:08
    Info: Total CPU time (on all processors): 00:00:03


